<?xml version="1.0" encoding="utf-8"?>
<CoverageSession xmlns:xsd="http://www.w3.org/2001/XMLSchema" xmlns:xsi="http://www.w3.org/2001/XMLSchema-instance" Version="4.7.922.0">
  <Summary numSequencePoints="568" visitedSequencePoints="500" numBranchPoints="242" visitedBranchPoints="178" sequenceCoverage="88.03" branchCoverage="73.55" maxCyclomaticComplexity="28" minCyclomaticComplexity="1" maxCrapScore="69.34" minCrapScore="1" visitedClasses="10" numClasses="10" visitedMethods="39" numMethods="40" />
  <Modules>
    <Module hash="3D-0A-4E-78-CB-2F-0B-1F-9A-2E-A7-F3-1F-BD-EE-74-45-86-D5-57">
      <Summary numSequencePoints="173" visitedSequencePoints="173" numBranchPoints="18" visitedBranchPoints="18" sequenceCoverage="100" branchCoverage="100" maxCyclomaticComplexity="3" minCyclomaticComplexity="1" maxCrapScore="3" minCrapScore="1" visitedClasses="5" numClasses="5" visitedMethods="18" numMethods="18" />
      <ModulePath>C:\Users\Hasan\Desktop\New folder (3)\ce205-2022-2023-hw1-Hasan-Aydos\mylibcs-test\bin\Debug\fine-code-coverage\build-output\mylibcs-test.dll</ModulePath>
      <ModuleTime>2022-10-17T20:02:48.5825603Z</ModuleTime>
      <ModuleName>mylibcs-test</ModuleName>
      <Files>
        <File uid="1" fullPath="C:\Users\Hasan\Desktop\New folder (3)\ce205-2022-2023-hw1-Hasan-Aydos\mylibcs-test\MySkipListTests.cs" />
        <File uid="2" fullPath="C:\Users\Hasan\Desktop\New folder (3)\ce205-2022-2023-hw1-Hasan-Aydos\mylibcs-test\MyXorListTests.cs" />
        <File uid="3" fullPath="C:\Users\Hasan\Desktop\New folder (3)\ce205-2022-2023-hw1-Hasan-Aydos\mylibcs-test\MyCalculatorTests.cs" />
      </Files>
      <Classes>
        <Class>
          <Summary numSequencePoints="52" visitedSequencePoints="52" numBranchPoints="4" visitedBranchPoints="4" sequenceCoverage="100" branchCoverage="100" maxCyclomaticComplexity="1" minCyclomaticComplexity="1" maxCrapScore="2" minCrapScore="1" visitedClasses="1" numClasses="1" visitedMethods="4" numMethods="4" />
          <FullName>mylibcs_test.MySkipListTests</FullName>
          <Methods>
            <Method visited="true" cyclomaticComplexity="1" nPathComplexity="0" sequenceCoverage="100" branchCoverage="100" crapScore="1" isConstructor="false" isStatic="false" isGetter="false" isSetter="false">
              <Summary numSequencePoints="11" visitedSequencePoints="11" numBranchPoints="1" visitedBranchPoints="1" sequenceCoverage="100" branchCoverage="100" maxCyclomaticComplexity="1" minCyclomaticComplexity="1" maxCrapScore="1" minCrapScore="1" visitedClasses="0" numClasses="0" visitedMethods="1" numMethods="1" />
              <MetadataToken>100663297</MetadataToken>
              <Name>System.Void mylibcs_test.MySkipListTests::TestSkipListInsert()</Name>
              <FileRef uid="1" />
              <SequencePoints>
                <SequencePoint vc="1" uspid="1" ordinal="0" offset="0" sl="12" sc="9" el="12" ec="10" bec="0" bev="0" fileid="1" />
                <SequencePoint vc="1" uspid="2" ordinal="1" offset="1" sl="13" sc="13" el="13" ec="45" bec="0" bev="0" fileid="1" />
                <SequencePoint vc="1" uspid="3" ordinal="2" offset="8" sl="14" sc="13" el="14" ec="40" bec="0" bev="0" fileid="1" />
                <SequencePoint vc="1" uspid="4" ordinal="3" offset="21" sl="15" sc="13" el="15" ec="40" bec="0" bev="0" fileid="1" />
                <SequencePoint vc="1" uspid="5" ordinal="4" offset="34" sl="16" sc="13" el="16" ec="40" bec="0" bev="0" fileid="1" />
                <SequencePoint vc="1" uspid="6" ordinal="5" offset="47" sl="17" sc="13" el="17" ec="40" bec="0" bev="0" fileid="1" />
                <SequencePoint vc="1" uspid="7" ordinal="6" offset="60" sl="18" sc="13" el="18" ec="40" bec="0" bev="0" fileid="1" />
                <SequencePoint vc="1" uspid="8" ordinal="7" offset="73" sl="19" sc="13" el="19" ec="40" bec="0" bev="0" fileid="1" />
                <SequencePoint vc="1" uspid="9" ordinal="8" offset="86" sl="20" sc="13" el="20" ec="40" bec="0" bev="0" fileid="1" />
                <SequencePoint vc="1" uspid="10" ordinal="9" offset="99" sl="22" sc="13" el="22" ec="60" bec="0" bev="0" fileid="1" />
                <SequencePoint vc="1" uspid="11" ordinal="10" offset="118" sl="23" sc="9" el="23" ec="10" bec="0" bev="0" fileid="1" />
              </SequencePoints>
              <BranchPoints />
              <MethodPoint xsi:type="SequencePoint" vc="1" uspid="1" ordinal="0" offset="0" sl="12" sc="9" el="12" ec="10" bec="0" bev="0" fileid="1" />
            </Method>
            <Method visited="true" cyclomaticComplexity="1" nPathComplexity="0" sequenceCoverage="100" branchCoverage="100" crapScore="1" isConstructor="false" isStatic="false" isGetter="false" isSetter="false">
              <Summary numSequencePoints="12" visitedSequencePoints="12" numBranchPoints="1" visitedBranchPoints="1" sequenceCoverage="100" branchCoverage="100" maxCyclomaticComplexity="1" minCyclomaticComplexity="1" maxCrapScore="1" minCrapScore="1" visitedClasses="0" numClasses="0" visitedMethods="1" numMethods="1" />
              <MetadataToken>100663298</MetadataToken>
              <Name>System.Void mylibcs_test.MySkipListTests::TestSkipListRemoveByKey()</Name>
              <FileRef uid="1" />
              <SequencePoints>
                <SequencePoint vc="1" uspid="12" ordinal="0" offset="0" sl="27" sc="9" el="27" ec="10" bec="0" bev="0" fileid="1" />
                <SequencePoint vc="1" uspid="13" ordinal="1" offset="1" sl="28" sc="13" el="28" ec="45" bec="0" bev="0" fileid="1" />
                <SequencePoint vc="1" uspid="14" ordinal="2" offset="8" sl="29" sc="13" el="29" ec="40" bec="0" bev="0" fileid="1" />
                <SequencePoint vc="1" uspid="15" ordinal="3" offset="21" sl="30" sc="13" el="30" ec="40" bec="0" bev="0" fileid="1" />
                <SequencePoint vc="1" uspid="16" ordinal="4" offset="34" sl="31" sc="13" el="31" ec="40" bec="0" bev="0" fileid="1" />
                <SequencePoint vc="1" uspid="17" ordinal="5" offset="47" sl="32" sc="13" el="32" ec="40" bec="0" bev="0" fileid="1" />
                <SequencePoint vc="1" uspid="18" ordinal="6" offset="60" sl="34" sc="13" el="34" ec="48" bec="0" bev="0" fileid="1" />
                <SequencePoint vc="1" uspid="19" ordinal="7" offset="74" sl="35" sc="13" el="35" ec="48" bec="0" bev="0" fileid="1" />
                <SequencePoint vc="1" uspid="20" ordinal="8" offset="88" sl="36" sc="13" el="36" ec="48" bec="0" bev="0" fileid="1" />
                <SequencePoint vc="1" uspid="21" ordinal="9" offset="102" sl="37" sc="13" el="37" ec="48" bec="0" bev="0" fileid="1" />
                <SequencePoint vc="1" uspid="22" ordinal="10" offset="116" sl="39" sc="13" el="39" ec="56" bec="0" bev="0" fileid="1" />
                <SequencePoint vc="1" uspid="23" ordinal="11" offset="130" sl="40" sc="9" el="40" ec="10" bec="0" bev="0" fileid="1" />
              </SequencePoints>
              <BranchPoints />
              <MethodPoint xsi:type="SequencePoint" vc="1" uspid="12" ordinal="0" offset="0" sl="27" sc="9" el="27" ec="10" bec="0" bev="0" fileid="1" />
            </Method>
            <Method visited="true" cyclomaticComplexity="1" nPathComplexity="0" sequenceCoverage="100" branchCoverage="100" crapScore="1" isConstructor="false" isStatic="false" isGetter="false" isSetter="false">
              <Summary numSequencePoints="18" visitedSequencePoints="18" numBranchPoints="1" visitedBranchPoints="1" sequenceCoverage="100" branchCoverage="100" maxCyclomaticComplexity="1" minCyclomaticComplexity="1" maxCrapScore="1" minCrapScore="1" visitedClasses="0" numClasses="0" visitedMethods="1" numMethods="1" />
              <MetadataToken>100663299</MetadataToken>
              <Name>System.Void mylibcs_test.MySkipListTests::TestSkipListListAllItems()</Name>
              <FileRef uid="1" />
              <SequencePoints>
                <SequencePoint vc="1" uspid="24" ordinal="0" offset="0" sl="45" sc="9" el="45" ec="10" bec="0" bev="0" fileid="1" />
                <SequencePoint vc="1" uspid="25" ordinal="1" offset="1" sl="46" sc="13" el="46" ec="45" bec="0" bev="0" fileid="1" />
                <SequencePoint vc="1" uspid="26" ordinal="2" offset="8" sl="47" sc="13" el="47" ec="40" bec="0" bev="0" fileid="1" />
                <SequencePoint vc="1" uspid="27" ordinal="3" offset="21" sl="48" sc="13" el="48" ec="40" bec="0" bev="0" fileid="1" />
                <SequencePoint vc="1" uspid="28" ordinal="4" offset="34" sl="49" sc="13" el="49" ec="40" bec="0" bev="0" fileid="1" />
                <SequencePoint vc="1" uspid="29" ordinal="5" offset="47" sl="50" sc="13" el="50" ec="40" bec="0" bev="0" fileid="1" />
                <SequencePoint vc="1" uspid="30" ordinal="6" offset="60" sl="51" sc="13" el="51" ec="40" bec="0" bev="0" fileid="1" />
                <SequencePoint vc="1" uspid="31" ordinal="7" offset="73" sl="52" sc="13" el="52" ec="40" bec="0" bev="0" fileid="1" />
                <SequencePoint vc="1" uspid="32" ordinal="8" offset="86" sl="53" sc="13" el="53" ec="40" bec="0" bev="0" fileid="1" />
                <SequencePoint vc="1" uspid="33" ordinal="9" offset="99" sl="55" sc="13" el="55" ec="41" bec="0" bev="0" fileid="1" />
                <SequencePoint vc="1" uspid="34" ordinal="10" offset="106" sl="57" sc="13" el="57" ec="45" bec="0" bev="0" fileid="1" />
                <SequencePoint vc="1" uspid="35" ordinal="11" offset="121" sl="58" sc="13" el="58" ec="45" bec="0" bev="0" fileid="1" />
                <SequencePoint vc="1" uspid="36" ordinal="12" offset="136" sl="59" sc="13" el="59" ec="45" bec="0" bev="0" fileid="1" />
                <SequencePoint vc="1" uspid="37" ordinal="13" offset="151" sl="60" sc="13" el="60" ec="45" bec="0" bev="0" fileid="1" />
                <SequencePoint vc="1" uspid="38" ordinal="14" offset="166" sl="61" sc="13" el="61" ec="45" bec="0" bev="0" fileid="1" />
                <SequencePoint vc="1" uspid="39" ordinal="15" offset="181" sl="62" sc="13" el="62" ec="45" bec="0" bev="0" fileid="1" />
                <SequencePoint vc="1" uspid="40" ordinal="16" offset="196" sl="63" sc="13" el="63" ec="45" bec="0" bev="0" fileid="1" />
                <SequencePoint vc="1" uspid="41" ordinal="17" offset="211" sl="64" sc="9" el="64" ec="10" bec="0" bev="0" fileid="1" />
              </SequencePoints>
              <BranchPoints />
              <MethodPoint xsi:type="SequencePoint" vc="1" uspid="24" ordinal="0" offset="0" sl="45" sc="9" el="45" ec="10" bec="0" bev="0" fileid="1" />
            </Method>
            <Method visited="true" cyclomaticComplexity="1" nPathComplexity="0" sequenceCoverage="100" branchCoverage="100" crapScore="1" isConstructor="false" isStatic="false" isGetter="false" isSetter="false">
              <Summary numSequencePoints="11" visitedSequencePoints="11" numBranchPoints="1" visitedBranchPoints="1" sequenceCoverage="100" branchCoverage="100" maxCyclomaticComplexity="1" minCyclomaticComplexity="1" maxCrapScore="1" minCrapScore="1" visitedClasses="0" numClasses="0" visitedMethods="1" numMethods="1" />
              <MetadataToken>100663300</MetadataToken>
              <Name>System.Void mylibcs_test.MySkipListTests::TestSkipListSearchByKey()</Name>
              <FileRef uid="1" />
              <SequencePoints>
                <SequencePoint vc="1" uspid="42" ordinal="0" offset="0" sl="68" sc="9" el="68" ec="10" bec="0" bev="0" fileid="1" />
                <SequencePoint vc="1" uspid="43" ordinal="1" offset="1" sl="69" sc="13" el="69" ec="45" bec="0" bev="0" fileid="1" />
                <SequencePoint vc="1" uspid="44" ordinal="2" offset="8" sl="70" sc="13" el="70" ec="40" bec="0" bev="0" fileid="1" />
                <SequencePoint vc="1" uspid="45" ordinal="3" offset="21" sl="71" sc="13" el="71" ec="40" bec="0" bev="0" fileid="1" />
                <SequencePoint vc="1" uspid="46" ordinal="4" offset="34" sl="72" sc="13" el="72" ec="40" bec="0" bev="0" fileid="1" />
                <SequencePoint vc="1" uspid="47" ordinal="5" offset="47" sl="73" sc="13" el="73" ec="40" bec="0" bev="0" fileid="1" />
                <SequencePoint vc="1" uspid="48" ordinal="6" offset="60" sl="74" sc="13" el="74" ec="40" bec="0" bev="0" fileid="1" />
                <SequencePoint vc="1" uspid="49" ordinal="7" offset="73" sl="75" sc="13" el="75" ec="40" bec="0" bev="0" fileid="1" />
                <SequencePoint vc="1" uspid="50" ordinal="8" offset="86" sl="76" sc="13" el="76" ec="40" bec="0" bev="0" fileid="1" />
                <SequencePoint vc="1" uspid="51" ordinal="9" offset="99" sl="78" sc="13" el="78" ec="57" bec="0" bev="0" fileid="1" />
                <SequencePoint vc="1" uspid="52" ordinal="10" offset="118" sl="79" sc="9" el="79" ec="10" bec="0" bev="0" fileid="1" />
              </SequencePoints>
              <BranchPoints />
              <MethodPoint xsi:type="SequencePoint" vc="1" uspid="42" ordinal="0" offset="0" sl="68" sc="9" el="68" ec="10" bec="0" bev="0" fileid="1" />
            </Method>
            <Method visited="false" cyclomaticComplexity="1" nPathComplexity="0" sequenceCoverage="0" branchCoverage="0" crapScore="2" isConstructor="true" isStatic="false" isGetter="false" isSetter="false">
              <Summary numSequencePoints="0" visitedSequencePoints="0" numBranchPoints="0" visitedBranchPoints="0" sequenceCoverage="0" branchCoverage="0" maxCyclomaticComplexity="1" minCyclomaticComplexity="1" maxCrapScore="2" minCrapScore="2" visitedClasses="0" numClasses="0" visitedMethods="0" numMethods="0" />
              <MetadataToken>100663301</MetadataToken>
              <Name>System.Void mylibcs_test.MySkipListTests::.ctor()</Name>
              <SequencePoints />
              <BranchPoints />
              <MethodPoint vc="0" uspid="53" ordinal="0" offset="0" />
            </Method>
          </Methods>
        </Class>
        <Class>
          <Summary numSequencePoints="49" visitedSequencePoints="49" numBranchPoints="5" visitedBranchPoints="5" sequenceCoverage="100" branchCoverage="100" maxCyclomaticComplexity="1" minCyclomaticComplexity="1" maxCrapScore="2" minCrapScore="1" visitedClasses="1" numClasses="1" visitedMethods="5" numMethods="5" />
          <FullName>mylibcs_test.MyXorListTests</FullName>
          <Methods>
            <Method visited="true" cyclomaticComplexity="1" nPathComplexity="0" sequenceCoverage="100" branchCoverage="100" crapScore="1" isConstructor="false" isStatic="false" isGetter="false" isSetter="false">
              <Summary numSequencePoints="9" visitedSequencePoints="9" numBranchPoints="1" visitedBranchPoints="1" sequenceCoverage="100" branchCoverage="100" maxCyclomaticComplexity="1" minCyclomaticComplexity="1" maxCrapScore="1" minCrapScore="1" visitedClasses="0" numClasses="0" visitedMethods="1" numMethods="1" />
              <MetadataToken>100663302</MetadataToken>
              <Name>System.Void mylibcs_test.MyXorListTests::TestXorListInsertFront()</Name>
              <FileRef uid="2" />
              <SequencePoints>
                <SequencePoint vc="1" uspid="54" ordinal="0" offset="0" sl="12" sc="9" el="12" ec="10" bec="0" bev="0" fileid="2" />
                <SequencePoint vc="1" uspid="55" ordinal="1" offset="1" sl="13" sc="13" el="13" ec="46" bec="0" bev="0" fileid="2" />
                <SequencePoint vc="1" uspid="56" ordinal="2" offset="7" sl="14" sc="13" el="14" ec="46" bec="0" bev="0" fileid="2" />
                <SequencePoint vc="1" uspid="57" ordinal="3" offset="21" sl="15" sc="13" el="15" ec="45" bec="0" bev="0" fileid="2" />
                <SequencePoint vc="1" uspid="58" ordinal="4" offset="34" sl="16" sc="13" el="16" ec="45" bec="0" bev="0" fileid="2" />
                <SequencePoint vc="1" uspid="59" ordinal="5" offset="47" sl="17" sc="13" el="17" ec="46" bec="0" bev="0" fileid="2" />
                <SequencePoint vc="1" uspid="60" ordinal="6" offset="61" sl="18" sc="13" el="18" ec="46" bec="0" bev="0" fileid="2" />
                <SequencePoint vc="1" uspid="61" ordinal="7" offset="75" sl="20" sc="13" el="20" ec="58" bec="0" bev="0" fileid="2" />
                <SequencePoint vc="1" uspid="62" ordinal="8" offset="104" sl="21" sc="9" el="21" ec="10" bec="0" bev="0" fileid="2" />
              </SequencePoints>
              <BranchPoints />
              <MethodPoint xsi:type="SequencePoint" vc="1" uspid="54" ordinal="0" offset="0" sl="12" sc="9" el="12" ec="10" bec="0" bev="0" fileid="2" />
            </Method>
            <Method visited="true" cyclomaticComplexity="1" nPathComplexity="0" sequenceCoverage="100" branchCoverage="100" crapScore="1" isConstructor="false" isStatic="false" isGetter="false" isSetter="false">
              <Summary numSequencePoints="9" visitedSequencePoints="9" numBranchPoints="1" visitedBranchPoints="1" sequenceCoverage="100" branchCoverage="100" maxCyclomaticComplexity="1" minCyclomaticComplexity="1" maxCrapScore="1" minCrapScore="1" visitedClasses="0" numClasses="0" visitedMethods="1" numMethods="1" />
              <MetadataToken>100663303</MetadataToken>
              <Name>System.Void mylibcs_test.MyXorListTests::TestXorListInsertEnd()</Name>
              <FileRef uid="2" />
              <SequencePoints>
                <SequencePoint vc="1" uspid="63" ordinal="0" offset="0" sl="25" sc="9" el="25" ec="10" bec="0" bev="0" fileid="2" />
                <SequencePoint vc="1" uspid="64" ordinal="1" offset="1" sl="26" sc="13" el="26" ec="46" bec="0" bev="0" fileid="2" />
                <SequencePoint vc="1" uspid="65" ordinal="2" offset="7" sl="27" sc="13" el="27" ec="44" bec="0" bev="0" fileid="2" />
                <SequencePoint vc="1" uspid="66" ordinal="3" offset="21" sl="28" sc="13" el="28" ec="43" bec="0" bev="0" fileid="2" />
                <SequencePoint vc="1" uspid="67" ordinal="4" offset="34" sl="29" sc="13" el="29" ec="43" bec="0" bev="0" fileid="2" />
                <SequencePoint vc="1" uspid="68" ordinal="5" offset="47" sl="30" sc="13" el="30" ec="44" bec="0" bev="0" fileid="2" />
                <SequencePoint vc="1" uspid="69" ordinal="6" offset="61" sl="31" sc="13" el="31" ec="44" bec="0" bev="0" fileid="2" />
                <SequencePoint vc="1" uspid="70" ordinal="7" offset="75" sl="33" sc="13" el="33" ec="58" bec="0" bev="0" fileid="2" />
                <SequencePoint vc="1" uspid="71" ordinal="8" offset="104" sl="34" sc="9" el="34" ec="10" bec="0" bev="0" fileid="2" />
              </SequencePoints>
              <BranchPoints />
              <MethodPoint xsi:type="SequencePoint" vc="1" uspid="63" ordinal="0" offset="0" sl="25" sc="9" el="25" ec="10" bec="0" bev="0" fileid="2" />
            </Method>
            <Method visited="true" cyclomaticComplexity="1" nPathComplexity="0" sequenceCoverage="100" branchCoverage="100" crapScore="1" isConstructor="false" isStatic="false" isGetter="false" isSetter="false">
              <Summary numSequencePoints="10" visitedSequencePoints="10" numBranchPoints="1" visitedBranchPoints="1" sequenceCoverage="100" branchCoverage="100" maxCyclomaticComplexity="1" minCyclomaticComplexity="1" maxCrapScore="1" minCrapScore="1" visitedClasses="0" numClasses="0" visitedMethods="1" numMethods="1" />
              <MetadataToken>100663304</MetadataToken>
              <Name>System.Void mylibcs_test.MyXorListTests::TestXorListInsertAfter()</Name>
              <FileRef uid="2" />
              <SequencePoints>
                <SequencePoint vc="1" uspid="72" ordinal="0" offset="0" sl="38" sc="9" el="38" ec="10" bec="0" bev="0" fileid="2" />
                <SequencePoint vc="1" uspid="73" ordinal="1" offset="1" sl="39" sc="13" el="39" ec="46" bec="0" bev="0" fileid="2" />
                <SequencePoint vc="1" uspid="74" ordinal="2" offset="7" sl="40" sc="13" el="40" ec="44" bec="0" bev="0" fileid="2" />
                <SequencePoint vc="1" uspid="75" ordinal="3" offset="21" sl="41" sc="13" el="41" ec="43" bec="0" bev="0" fileid="2" />
                <SequencePoint vc="1" uspid="76" ordinal="4" offset="34" sl="42" sc="13" el="42" ec="43" bec="0" bev="0" fileid="2" />
                <SequencePoint vc="1" uspid="77" ordinal="5" offset="47" sl="43" sc="13" el="43" ec="44" bec="0" bev="0" fileid="2" />
                <SequencePoint vc="1" uspid="78" ordinal="6" offset="61" sl="44" sc="13" el="44" ec="44" bec="0" bev="0" fileid="2" />
                <SequencePoint vc="1" uspid="79" ordinal="7" offset="75" sl="46" sc="13" el="46" ec="48" bec="0" bev="0" fileid="2" />
                <SequencePoint vc="1" uspid="80" ordinal="8" offset="89" sl="48" sc="13" el="48" ec="78" bec="0" bev="0" fileid="2" />
                <SequencePoint vc="1" uspid="81" ordinal="9" offset="138" sl="49" sc="9" el="49" ec="10" bec="0" bev="0" fileid="2" />
              </SequencePoints>
              <BranchPoints />
              <MethodPoint xsi:type="SequencePoint" vc="1" uspid="72" ordinal="0" offset="0" sl="38" sc="9" el="38" ec="10" bec="0" bev="0" fileid="2" />
            </Method>
            <Method visited="true" cyclomaticComplexity="1" nPathComplexity="0" sequenceCoverage="100" branchCoverage="100" crapScore="1" isConstructor="false" isStatic="false" isGetter="false" isSetter="false">
              <Summary numSequencePoints="11" visitedSequencePoints="11" numBranchPoints="1" visitedBranchPoints="1" sequenceCoverage="100" branchCoverage="100" maxCyclomaticComplexity="1" minCyclomaticComplexity="1" maxCrapScore="1" minCrapScore="1" visitedClasses="0" numClasses="0" visitedMethods="1" numMethods="1" />
              <MetadataToken>100663305</MetadataToken>
              <Name>System.Void mylibcs_test.MyXorListTests::TestXorListListAllItems()</Name>
              <FileRef uid="2" />
              <SequencePoints>
                <SequencePoint vc="1" uspid="82" ordinal="0" offset="0" sl="53" sc="9" el="53" ec="10" bec="0" bev="0" fileid="2" />
                <SequencePoint vc="1" uspid="83" ordinal="1" offset="1" sl="54" sc="13" el="54" ec="46" bec="0" bev="0" fileid="2" />
                <SequencePoint vc="1" uspid="84" ordinal="2" offset="7" sl="55" sc="13" el="55" ec="44" bec="0" bev="0" fileid="2" />
                <SequencePoint vc="1" uspid="85" ordinal="3" offset="21" sl="56" sc="13" el="56" ec="43" bec="0" bev="0" fileid="2" />
                <SequencePoint vc="1" uspid="86" ordinal="4" offset="34" sl="57" sc="13" el="57" ec="43" bec="0" bev="0" fileid="2" />
                <SequencePoint vc="1" uspid="87" ordinal="5" offset="47" sl="58" sc="13" el="58" ec="44" bec="0" bev="0" fileid="2" />
                <SequencePoint vc="1" uspid="88" ordinal="6" offset="61" sl="59" sc="13" el="59" ec="44" bec="0" bev="0" fileid="2" />
                <SequencePoint vc="1" uspid="89" ordinal="7" offset="75" sl="61" sc="13" el="61" ec="48" bec="0" bev="0" fileid="2" />
                <SequencePoint vc="1" uspid="90" ordinal="8" offset="89" sl="64" sc="13" el="64" ec="52" bec="0" bev="0" fileid="2" />
                <SequencePoint vc="1" uspid="91" ordinal="9" offset="109" sl="65" sc="13" el="65" ec="52" bec="0" bev="0" fileid="2" />
                <SequencePoint vc="1" uspid="92" ordinal="10" offset="129" sl="66" sc="9" el="66" ec="10" bec="0" bev="0" fileid="2" />
              </SequencePoints>
              <BranchPoints />
              <MethodPoint xsi:type="SequencePoint" vc="1" uspid="82" ordinal="0" offset="0" sl="53" sc="9" el="53" ec="10" bec="0" bev="0" fileid="2" />
            </Method>
            <Method visited="true" cyclomaticComplexity="1" nPathComplexity="0" sequenceCoverage="100" branchCoverage="100" crapScore="1" isConstructor="false" isStatic="false" isGetter="false" isSetter="false">
              <Summary numSequencePoints="10" visitedSequencePoints="10" numBranchPoints="1" visitedBranchPoints="1" sequenceCoverage="100" branchCoverage="100" maxCyclomaticComplexity="1" minCyclomaticComplexity="1" maxCrapScore="1" minCrapScore="1" visitedClasses="0" numClasses="0" visitedMethods="1" numMethods="1" />
              <MetadataToken>100663306</MetadataToken>
              <Name>System.Void mylibcs_test.MyXorListTests::TestXorListSearchByKey()</Name>
              <FileRef uid="2" />
              <SequencePoints>
                <SequencePoint vc="1" uspid="93" ordinal="0" offset="0" sl="70" sc="9" el="70" ec="10" bec="0" bev="0" fileid="2" />
                <SequencePoint vc="1" uspid="94" ordinal="1" offset="1" sl="71" sc="13" el="71" ec="46" bec="0" bev="0" fileid="2" />
                <SequencePoint vc="1" uspid="95" ordinal="2" offset="7" sl="72" sc="13" el="72" ec="44" bec="0" bev="0" fileid="2" />
                <SequencePoint vc="1" uspid="96" ordinal="3" offset="21" sl="73" sc="13" el="73" ec="43" bec="0" bev="0" fileid="2" />
                <SequencePoint vc="1" uspid="97" ordinal="4" offset="34" sl="74" sc="13" el="74" ec="43" bec="0" bev="0" fileid="2" />
                <SequencePoint vc="1" uspid="98" ordinal="5" offset="47" sl="75" sc="13" el="75" ec="44" bec="0" bev="0" fileid="2" />
                <SequencePoint vc="1" uspid="99" ordinal="6" offset="61" sl="76" sc="13" el="76" ec="44" bec="0" bev="0" fileid="2" />
                <SequencePoint vc="1" uspid="100" ordinal="7" offset="75" sl="78" sc="13" el="78" ec="48" bec="0" bev="0" fileid="2" />
                <SequencePoint vc="1" uspid="101" ordinal="8" offset="89" sl="80" sc="13" el="80" ec="57" bec="0" bev="0" fileid="2" />
                <SequencePoint vc="1" uspid="102" ordinal="9" offset="108" sl="81" sc="9" el="81" ec="10" bec="0" bev="0" fileid="2" />
              </SequencePoints>
              <BranchPoints />
              <MethodPoint xsi:type="SequencePoint" vc="1" uspid="93" ordinal="0" offset="0" sl="70" sc="9" el="70" ec="10" bec="0" bev="0" fileid="2" />
            </Method>
            <Method visited="false" cyclomaticComplexity="1" nPathComplexity="0" sequenceCoverage="0" branchCoverage="0" crapScore="2" isConstructor="true" isStatic="false" isGetter="false" isSetter="false">
              <Summary numSequencePoints="0" visitedSequencePoints="0" numBranchPoints="0" visitedBranchPoints="0" sequenceCoverage="0" branchCoverage="0" maxCyclomaticComplexity="1" minCyclomaticComplexity="1" maxCrapScore="2" minCrapScore="2" visitedClasses="0" numClasses="0" visitedMethods="0" numMethods="0" />
              <MetadataToken>100663307</MetadataToken>
              <Name>System.Void mylibcs_test.MyXorListTests::.ctor()</Name>
              <SequencePoints />
              <BranchPoints />
              <MethodPoint vc="0" uspid="103" ordinal="0" offset="0" />
            </Method>
          </Methods>
        </Class>
        <Class>
          <Summary numSequencePoints="12" visitedSequencePoints="12" numBranchPoints="3" visitedBranchPoints="3" sequenceCoverage="100" branchCoverage="100" maxCyclomaticComplexity="1" minCyclomaticComplexity="1" maxCrapScore="2" minCrapScore="1" visitedClasses="1" numClasses="1" visitedMethods="3" numMethods="3" />
          <FullName>ce205_hw1_csTest.InfixEvaluate</FullName>
          <Methods>
            <Method visited="true" cyclomaticComplexity="1" nPathComplexity="0" sequenceCoverage="100" branchCoverage="100" crapScore="1" isConstructor="false" isStatic="false" isGetter="false" isSetter="false">
              <Summary numSequencePoints="4" visitedSequencePoints="4" numBranchPoints="1" visitedBranchPoints="1" sequenceCoverage="100" branchCoverage="100" maxCyclomaticComplexity="1" minCyclomaticComplexity="1" maxCrapScore="1" minCrapScore="1" visitedClasses="0" numClasses="0" visitedMethods="1" numMethods="1" />
              <MetadataToken>100663308</MetadataToken>
              <Name>System.Void ce205_hw1_csTest.InfixEvaluate::GoodCase()</Name>
              <FileRef uid="3" />
              <SequencePoints>
                <SequencePoint vc="1" uspid="104" ordinal="0" offset="0" sl="15" sc="9" el="15" ec="10" bec="0" bev="0" fileid="3" />
                <SequencePoint vc="1" uspid="105" ordinal="1" offset="1" sl="16" sc="13" el="16" ec="90" bec="0" bev="0" fileid="3" />
                <SequencePoint vc="1" uspid="106" ordinal="2" offset="12" sl="17" sc="13" el="17" ec="42" bec="0" bev="0" fileid="3" />
                <SequencePoint vc="1" uspid="107" ordinal="3" offset="24" sl="18" sc="9" el="18" ec="10" bec="0" bev="0" fileid="3" />
              </SequencePoints>
              <BranchPoints />
              <MethodPoint xsi:type="SequencePoint" vc="1" uspid="104" ordinal="0" offset="0" sl="15" sc="9" el="15" ec="10" bec="0" bev="0" fileid="3" />
            </Method>
            <Method visited="true" cyclomaticComplexity="1" nPathComplexity="0" sequenceCoverage="100" branchCoverage="100" crapScore="1" isConstructor="false" isStatic="false" isGetter="false" isSetter="false">
              <Summary numSequencePoints="4" visitedSequencePoints="4" numBranchPoints="1" visitedBranchPoints="1" sequenceCoverage="100" branchCoverage="100" maxCyclomaticComplexity="1" minCyclomaticComplexity="1" maxCrapScore="1" minCrapScore="1" visitedClasses="0" numClasses="0" visitedMethods="1" numMethods="1" />
              <MetadataToken>100663309</MetadataToken>
              <Name>System.Void ce205_hw1_csTest.InfixEvaluate::BadCase()</Name>
              <FileRef uid="3" />
              <SequencePoints>
                <SequencePoint vc="1" uspid="108" ordinal="0" offset="0" sl="21" sc="9" el="21" ec="10" bec="0" bev="0" fileid="3" />
                <SequencePoint vc="1" uspid="109" ordinal="1" offset="1" sl="22" sc="13" el="22" ec="90" bec="0" bev="0" fileid="3" />
                <SequencePoint vc="1" uspid="110" ordinal="2" offset="12" sl="23" sc="13" el="23" ec="45" bec="0" bev="0" fileid="3" />
                <SequencePoint vc="1" uspid="111" ordinal="3" offset="24" sl="24" sc="9" el="24" ec="10" bec="0" bev="0" fileid="3" />
              </SequencePoints>
              <BranchPoints />
              <MethodPoint xsi:type="SequencePoint" vc="1" uspid="108" ordinal="0" offset="0" sl="21" sc="9" el="21" ec="10" bec="0" bev="0" fileid="3" />
            </Method>
            <Method visited="true" cyclomaticComplexity="1" nPathComplexity="0" sequenceCoverage="100" branchCoverage="100" crapScore="1" isConstructor="false" isStatic="false" isGetter="false" isSetter="false">
              <Summary numSequencePoints="4" visitedSequencePoints="4" numBranchPoints="1" visitedBranchPoints="1" sequenceCoverage="100" branchCoverage="100" maxCyclomaticComplexity="1" minCyclomaticComplexity="1" maxCrapScore="1" minCrapScore="1" visitedClasses="0" numClasses="0" visitedMethods="1" numMethods="1" />
              <MetadataToken>100663310</MetadataToken>
              <Name>System.Void ce205_hw1_csTest.InfixEvaluate::UglyCase()</Name>
              <FileRef uid="3" />
              <SequencePoints>
                <SequencePoint vc="1" uspid="112" ordinal="0" offset="0" sl="27" sc="9" el="27" ec="10" bec="0" bev="0" fileid="3" />
                <SequencePoint vc="1" uspid="113" ordinal="1" offset="1" sl="28" sc="13" el="28" ec="90" bec="0" bev="0" fileid="3" />
                <SequencePoint vc="1" uspid="114" ordinal="2" offset="12" sl="29" sc="13" el="29" ec="44" bec="0" bev="0" fileid="3" />
                <SequencePoint vc="1" uspid="115" ordinal="3" offset="34" sl="30" sc="9" el="30" ec="10" bec="0" bev="0" fileid="3" />
              </SequencePoints>
              <BranchPoints />
              <MethodPoint xsi:type="SequencePoint" vc="1" uspid="112" ordinal="0" offset="0" sl="27" sc="9" el="27" ec="10" bec="0" bev="0" fileid="3" />
            </Method>
            <Method visited="false" cyclomaticComplexity="1" nPathComplexity="0" sequenceCoverage="0" branchCoverage="0" crapScore="2" isConstructor="true" isStatic="false" isGetter="false" isSetter="false">
              <Summary numSequencePoints="0" visitedSequencePoints="0" numBranchPoints="0" visitedBranchPoints="0" sequenceCoverage="0" branchCoverage="0" maxCyclomaticComplexity="1" minCyclomaticComplexity="1" maxCrapScore="2" minCrapScore="2" visitedClasses="0" numClasses="0" visitedMethods="0" numMethods="0" />
              <MetadataToken>100663311</MetadataToken>
              <Name>System.Void ce205_hw1_csTest.InfixEvaluate::.ctor()</Name>
              <SequencePoints />
              <BranchPoints />
              <MethodPoint vc="0" uspid="116" ordinal="0" offset="0" />
            </Method>
          </Methods>
        </Class>
        <Class>
          <Summary numSequencePoints="45" visitedSequencePoints="45" numBranchPoints="3" visitedBranchPoints="3" sequenceCoverage="100" branchCoverage="100" maxCyclomaticComplexity="3" minCyclomaticComplexity="1" maxCrapScore="3" minCrapScore="2" visitedClasses="1" numClasses="1" visitedMethods="3" numMethods="3" />
          <FullName>ce205_hw1_csTest.InfixValidate</FullName>
          <Methods>
            <Method visited="true" cyclomaticComplexity="3" nPathComplexity="0" sequenceCoverage="100" branchCoverage="100" crapScore="3" isConstructor="false" isStatic="false" isGetter="false" isSetter="false">
              <Summary numSequencePoints="15" visitedSequencePoints="15" numBranchPoints="1" visitedBranchPoints="1" sequenceCoverage="100" branchCoverage="100" maxCyclomaticComplexity="3" minCyclomaticComplexity="3" maxCrapScore="3" minCrapScore="3" visitedClasses="0" numClasses="0" visitedMethods="1" numMethods="1" />
              <MetadataToken>100663312</MetadataToken>
              <Name>System.Void ce205_hw1_csTest.InfixValidate::GoodCase()</Name>
              <FileRef uid="3" />
              <SequencePoints>
                <SequencePoint vc="1" uspid="117" ordinal="0" offset="0" sl="40" sc="9" el="40" ec="10" bec="0" bev="0" fileid="3" />
                <SequencePoint vc="1" uspid="118" ordinal="1" offset="1" sl="41" sc="13" el="41" ec="45" bec="0" bev="0" fileid="3" />
                <SequencePoint vc="1" uspid="119" ordinal="2" offset="7" sl="42" sc="13" el="42" ec="46" bec="0" bev="0" fileid="3" />
                <SequencePoint vc="1" uspid="120" ordinal="3" offset="19" sl="43" sc="13" el="43" ec="20" bec="0" bev="0" fileid="3" />
                <SequencePoint vc="1" uspid="121" ordinal="4" offset="20" sl="43" sc="35" el="43" ec="38" bec="0" bev="0" fileid="3" />
                <SequencePoint vc="1" uspid="122" ordinal="5" offset="29" sl="43" sc="22" el="43" ec="31" bec="0" bev="0" fileid="3" />
                <SequencePoint vc="1" uspid="123" ordinal="6" offset="41" sl="44" sc="13" el="44" ec="14" bec="0" bev="0" fileid="3" />
                <SequencePoint vc="1" uspid="124" ordinal="7" offset="42" sl="45" sc="17" el="45" ec="31" bec="0" bev="0" fileid="3" />
                <SequencePoint vc="1" uspid="125" ordinal="8" offset="44" sl="46" sc="17" el="46" ec="35" bec="0" bev="0" fileid="3" />
                <SequencePoint vc="1" uspid="126" ordinal="9" offset="61" sl="47" sc="17" el="47" ec="50" bec="0" bev="0" fileid="3" />
                <SequencePoint vc="1" uspid="127" ordinal="10" offset="78" sl="48" sc="17" el="48" ec="69" bec="0" bev="0" fileid="3" />
                <SequencePoint vc="1" uspid="128" ordinal="11" offset="86" sl="49" sc="17" el="49" ec="48" bec="0" bev="0" fileid="3" />
                <SequencePoint vc="1" uspid="129" ordinal="12" offset="95" sl="50" sc="13" el="50" ec="14" bec="0" bev="0" fileid="3" />
                <SequencePoint vc="2" uspid="130" ordinal="13" offset="96" sl="43" sc="32" el="43" ec="34" bec="0" bev="0" fileid="3" />
                <SequencePoint vc="1" uspid="131" ordinal="14" offset="127" sl="51" sc="9" el="51" ec="10" bec="0" bev="0" fileid="3" />
              </SequencePoints>
              <BranchPoints />
              <MethodPoint xsi:type="SequencePoint" vc="1" uspid="117" ordinal="0" offset="0" sl="40" sc="9" el="40" ec="10" bec="0" bev="0" fileid="3" />
            </Method>
            <Method visited="true" cyclomaticComplexity="3" nPathComplexity="0" sequenceCoverage="100" branchCoverage="100" crapScore="3" isConstructor="false" isStatic="false" isGetter="false" isSetter="false">
              <Summary numSequencePoints="15" visitedSequencePoints="15" numBranchPoints="1" visitedBranchPoints="1" sequenceCoverage="100" branchCoverage="100" maxCyclomaticComplexity="3" minCyclomaticComplexity="3" maxCrapScore="3" minCrapScore="3" visitedClasses="0" numClasses="0" visitedMethods="1" numMethods="1" />
              <MetadataToken>100663313</MetadataToken>
              <Name>System.Void ce205_hw1_csTest.InfixValidate::BadCase()</Name>
              <FileRef uid="3" />
              <SequencePoints>
                <SequencePoint vc="1" uspid="134" ordinal="0" offset="0" sl="54" sc="9" el="54" ec="10" bec="0" bev="0" fileid="3" />
                <SequencePoint vc="1" uspid="135" ordinal="1" offset="1" sl="55" sc="13" el="55" ec="45" bec="0" bev="0" fileid="3" />
                <SequencePoint vc="1" uspid="136" ordinal="2" offset="7" sl="56" sc="13" el="56" ec="46" bec="0" bev="0" fileid="3" />
                <SequencePoint vc="1" uspid="137" ordinal="3" offset="19" sl="57" sc="13" el="57" ec="20" bec="0" bev="0" fileid="3" />
                <SequencePoint vc="1" uspid="138" ordinal="4" offset="20" sl="57" sc="35" el="57" ec="38" bec="0" bev="0" fileid="3" />
                <SequencePoint vc="1" uspid="139" ordinal="5" offset="29" sl="57" sc="22" el="57" ec="31" bec="0" bev="0" fileid="3" />
                <SequencePoint vc="1" uspid="140" ordinal="6" offset="41" sl="58" sc="13" el="58" ec="14" bec="0" bev="0" fileid="3" />
                <SequencePoint vc="1" uspid="141" ordinal="7" offset="42" sl="59" sc="17" el="59" ec="31" bec="0" bev="0" fileid="3" />
                <SequencePoint vc="1" uspid="142" ordinal="8" offset="44" sl="60" sc="17" el="60" ec="35" bec="0" bev="0" fileid="3" />
                <SequencePoint vc="1" uspid="143" ordinal="9" offset="61" sl="61" sc="17" el="61" ec="50" bec="0" bev="0" fileid="3" />
                <SequencePoint vc="1" uspid="144" ordinal="10" offset="78" sl="62" sc="17" el="62" ec="69" bec="0" bev="0" fileid="3" />
                <SequencePoint vc="1" uspid="145" ordinal="11" offset="86" sl="63" sc="17" el="63" ec="50" bec="0" bev="0" fileid="3" />
                <SequencePoint vc="1" uspid="146" ordinal="12" offset="95" sl="64" sc="13" el="64" ec="14" bec="0" bev="0" fileid="3" />
                <SequencePoint vc="2" uspid="147" ordinal="13" offset="96" sl="57" sc="32" el="57" ec="34" bec="0" bev="0" fileid="3" />
                <SequencePoint vc="1" uspid="148" ordinal="14" offset="127" sl="65" sc="9" el="65" ec="10" bec="0" bev="0" fileid="3" />
              </SequencePoints>
              <BranchPoints />
              <MethodPoint xsi:type="SequencePoint" vc="1" uspid="134" ordinal="0" offset="0" sl="54" sc="9" el="54" ec="10" bec="0" bev="0" fileid="3" />
            </Method>
            <Method visited="true" cyclomaticComplexity="3" nPathComplexity="0" sequenceCoverage="100" branchCoverage="100" crapScore="3" isConstructor="false" isStatic="false" isGetter="false" isSetter="false">
              <Summary numSequencePoints="15" visitedSequencePoints="15" numBranchPoints="1" visitedBranchPoints="1" sequenceCoverage="100" branchCoverage="100" maxCyclomaticComplexity="3" minCyclomaticComplexity="3" maxCrapScore="3" minCrapScore="3" visitedClasses="0" numClasses="0" visitedMethods="1" numMethods="1" />
              <MetadataToken>100663314</MetadataToken>
              <Name>System.Void ce205_hw1_csTest.InfixValidate::UglyCase()</Name>
              <FileRef uid="3" />
              <SequencePoints>
                <SequencePoint vc="1" uspid="151" ordinal="0" offset="0" sl="68" sc="9" el="68" ec="10" bec="0" bev="0" fileid="3" />
                <SequencePoint vc="1" uspid="152" ordinal="1" offset="1" sl="69" sc="13" el="69" ec="45" bec="0" bev="0" fileid="3" />
                <SequencePoint vc="1" uspid="153" ordinal="2" offset="7" sl="70" sc="13" el="70" ec="46" bec="0" bev="0" fileid="3" />
                <SequencePoint vc="1" uspid="154" ordinal="3" offset="19" sl="71" sc="13" el="71" ec="20" bec="0" bev="0" fileid="3" />
                <SequencePoint vc="1" uspid="155" ordinal="4" offset="20" sl="71" sc="35" el="71" ec="38" bec="0" bev="0" fileid="3" />
                <SequencePoint vc="1" uspid="156" ordinal="5" offset="29" sl="71" sc="22" el="71" ec="31" bec="0" bev="0" fileid="3" />
                <SequencePoint vc="1" uspid="157" ordinal="6" offset="41" sl="72" sc="13" el="72" ec="14" bec="0" bev="0" fileid="3" />
                <SequencePoint vc="1" uspid="158" ordinal="7" offset="42" sl="73" sc="17" el="73" ec="31" bec="0" bev="0" fileid="3" />
                <SequencePoint vc="1" uspid="159" ordinal="8" offset="44" sl="74" sc="17" el="74" ec="35" bec="0" bev="0" fileid="3" />
                <SequencePoint vc="1" uspid="160" ordinal="9" offset="61" sl="75" sc="17" el="75" ec="50" bec="0" bev="0" fileid="3" />
                <SequencePoint vc="1" uspid="161" ordinal="10" offset="78" sl="76" sc="17" el="76" ec="69" bec="0" bev="0" fileid="3" />
                <SequencePoint vc="1" uspid="162" ordinal="11" offset="86" sl="77" sc="17" el="77" ec="49" bec="0" bev="0" fileid="3" />
                <SequencePoint vc="1" uspid="163" ordinal="12" offset="105" sl="78" sc="13" el="78" ec="14" bec="0" bev="0" fileid="3" />
                <SequencePoint vc="2" uspid="164" ordinal="13" offset="106" sl="71" sc="32" el="71" ec="34" bec="0" bev="0" fileid="3" />
                <SequencePoint vc="1" uspid="165" ordinal="14" offset="137" sl="79" sc="9" el="79" ec="10" bec="0" bev="0" fileid="3" />
              </SequencePoints>
              <BranchPoints />
              <MethodPoint xsi:type="SequencePoint" vc="1" uspid="151" ordinal="0" offset="0" sl="68" sc="9" el="68" ec="10" bec="0" bev="0" fileid="3" />
            </Method>
            <Method visited="false" cyclomaticComplexity="1" nPathComplexity="0" sequenceCoverage="0" branchCoverage="0" crapScore="2" isConstructor="true" isStatic="false" isGetter="false" isSetter="false">
              <Summary numSequencePoints="0" visitedSequencePoints="0" numBranchPoints="0" visitedBranchPoints="0" sequenceCoverage="0" branchCoverage="0" maxCyclomaticComplexity="1" minCyclomaticComplexity="1" maxCrapScore="2" minCrapScore="2" visitedClasses="0" numClasses="0" visitedMethods="0" numMethods="0" />
              <MetadataToken>100663315</MetadataToken>
              <Name>System.Void ce205_hw1_csTest.InfixValidate::.ctor()</Name>
              <SequencePoints />
              <BranchPoints />
              <MethodPoint vc="0" uspid="168" ordinal="0" offset="0" />
            </Method>
          </Methods>
        </Class>
        <Class>
          <Summary numSequencePoints="15" visitedSequencePoints="15" numBranchPoints="3" visitedBranchPoints="3" sequenceCoverage="100" branchCoverage="100" maxCyclomaticComplexity="1" minCyclomaticComplexity="1" maxCrapScore="2" minCrapScore="1" visitedClasses="1" numClasses="1" visitedMethods="3" numMethods="3" />
          <FullName>ce205_hw1_csTest.InfixToPostfix</FullName>
          <Methods>
            <Method visited="true" cyclomaticComplexity="1" nPathComplexity="0" sequenceCoverage="100" branchCoverage="100" crapScore="1" isConstructor="false" isStatic="false" isGetter="false" isSetter="false">
              <Summary numSequencePoints="5" visitedSequencePoints="5" numBranchPoints="1" visitedBranchPoints="1" sequenceCoverage="100" branchCoverage="100" maxCyclomaticComplexity="1" minCyclomaticComplexity="1" maxCrapScore="1" minCrapScore="1" visitedClasses="0" numClasses="0" visitedMethods="1" numMethods="1" />
              <MetadataToken>100663316</MetadataToken>
              <Name>System.Void ce205_hw1_csTest.InfixToPostfix::GoodCase()</Name>
              <FileRef uid="3" />
              <SequencePoints>
                <SequencePoint vc="1" uspid="169" ordinal="0" offset="0" sl="89" sc="9" el="89" ec="10" bec="0" bev="0" fileid="3" />
                <SequencePoint vc="1" uspid="170" ordinal="1" offset="1" sl="90" sc="13" el="90" ec="50" bec="0" bev="0" fileid="3" />
                <SequencePoint vc="1" uspid="171" ordinal="2" offset="7" sl="91" sc="13" el="91" ec="49" bec="0" bev="0" fileid="3" />
                <SequencePoint vc="1" uspid="172" ordinal="3" offset="13" sl="92" sc="13" el="92" ec="81" bec="0" bev="0" fileid="3" />
                <SequencePoint vc="1" uspid="173" ordinal="4" offset="26" sl="93" sc="9" el="93" ec="10" bec="0" bev="0" fileid="3" />
              </SequencePoints>
              <BranchPoints />
              <MethodPoint xsi:type="SequencePoint" vc="1" uspid="169" ordinal="0" offset="0" sl="89" sc="9" el="89" ec="10" bec="0" bev="0" fileid="3" />
            </Method>
            <Method visited="true" cyclomaticComplexity="1" nPathComplexity="0" sequenceCoverage="100" branchCoverage="100" crapScore="1" isConstructor="false" isStatic="false" isGetter="false" isSetter="false">
              <Summary numSequencePoints="5" visitedSequencePoints="5" numBranchPoints="1" visitedBranchPoints="1" sequenceCoverage="100" branchCoverage="100" maxCyclomaticComplexity="1" minCyclomaticComplexity="1" maxCrapScore="1" minCrapScore="1" visitedClasses="0" numClasses="0" visitedMethods="1" numMethods="1" />
              <MetadataToken>100663317</MetadataToken>
              <Name>System.Void ce205_hw1_csTest.InfixToPostfix::BadCase()</Name>
              <FileRef uid="3" />
              <SequencePoints>
                <SequencePoint vc="1" uspid="174" ordinal="0" offset="0" sl="96" sc="9" el="96" ec="10" bec="0" bev="0" fileid="3" />
                <SequencePoint vc="1" uspid="175" ordinal="1" offset="1" sl="97" sc="13" el="97" ec="50" bec="0" bev="0" fileid="3" />
                <SequencePoint vc="1" uspid="176" ordinal="2" offset="7" sl="98" sc="13" el="98" ec="48" bec="0" bev="0" fileid="3" />
                <SequencePoint vc="1" uspid="177" ordinal="3" offset="13" sl="99" sc="13" el="99" ec="84" bec="0" bev="0" fileid="3" />
                <SequencePoint vc="1" uspid="178" ordinal="4" offset="26" sl="100" sc="9" el="100" ec="10" bec="0" bev="0" fileid="3" />
              </SequencePoints>
              <BranchPoints />
              <MethodPoint xsi:type="SequencePoint" vc="1" uspid="174" ordinal="0" offset="0" sl="96" sc="9" el="96" ec="10" bec="0" bev="0" fileid="3" />
            </Method>
            <Method visited="true" cyclomaticComplexity="1" nPathComplexity="0" sequenceCoverage="100" branchCoverage="100" crapScore="1" isConstructor="false" isStatic="false" isGetter="false" isSetter="false">
              <Summary numSequencePoints="5" visitedSequencePoints="5" numBranchPoints="1" visitedBranchPoints="1" sequenceCoverage="100" branchCoverage="100" maxCyclomaticComplexity="1" minCyclomaticComplexity="1" maxCrapScore="1" minCrapScore="1" visitedClasses="0" numClasses="0" visitedMethods="1" numMethods="1" />
              <MetadataToken>100663318</MetadataToken>
              <Name>System.Void ce205_hw1_csTest.InfixToPostfix::UglyCase()</Name>
              <FileRef uid="3" />
              <SequencePoints>
                <SequencePoint vc="1" uspid="179" ordinal="0" offset="0" sl="103" sc="9" el="103" ec="10" bec="0" bev="0" fileid="3" />
                <SequencePoint vc="1" uspid="180" ordinal="1" offset="1" sl="104" sc="13" el="104" ec="50" bec="0" bev="0" fileid="3" />
                <SequencePoint vc="1" uspid="181" ordinal="2" offset="7" sl="105" sc="13" el="105" ec="48" bec="0" bev="0" fileid="3" />
                <SequencePoint vc="1" uspid="182" ordinal="3" offset="13" sl="106" sc="13" el="106" ec="84" bec="0" bev="0" fileid="3" />
                <SequencePoint vc="1" uspid="183" ordinal="4" offset="26" sl="107" sc="9" el="107" ec="10" bec="0" bev="0" fileid="3" />
              </SequencePoints>
              <BranchPoints />
              <MethodPoint xsi:type="SequencePoint" vc="1" uspid="179" ordinal="0" offset="0" sl="103" sc="9" el="103" ec="10" bec="0" bev="0" fileid="3" />
            </Method>
            <Method visited="false" cyclomaticComplexity="1" nPathComplexity="0" sequenceCoverage="0" branchCoverage="0" crapScore="2" isConstructor="true" isStatic="false" isGetter="false" isSetter="false">
              <Summary numSequencePoints="0" visitedSequencePoints="0" numBranchPoints="0" visitedBranchPoints="0" sequenceCoverage="0" branchCoverage="0" maxCyclomaticComplexity="1" minCyclomaticComplexity="1" maxCrapScore="2" minCrapScore="2" visitedClasses="0" numClasses="0" visitedMethods="0" numMethods="0" />
              <MetadataToken>100663319</MetadataToken>
              <Name>System.Void ce205_hw1_csTest.InfixToPostfix::.ctor()</Name>
              <SequencePoints />
              <BranchPoints />
              <MethodPoint vc="0" uspid="184" ordinal="0" offset="0" />
            </Method>
          </Methods>
        </Class>
      </Classes>
    </Module>
    <Module hash="8A-4C-17-16-84-25-86-13-B7-E7-19-B6-86-2E-3F-F3-AF-58-1A-1C">
      <Summary numSequencePoints="395" visitedSequencePoints="327" numBranchPoints="224" visitedBranchPoints="160" sequenceCoverage="82.78" branchCoverage="71.43" maxCyclomaticComplexity="28" minCyclomaticComplexity="1" maxCrapScore="69.34" minCrapScore="1" visitedClasses="5" numClasses="5" visitedMethods="21" numMethods="22" />
      <ModulePath>C:\Users\Hasan\Desktop\New folder (3)\ce205-2022-2023-hw1-Hasan-Aydos\mylibcs-test\bin\Debug\fine-code-coverage\build-output\mylibcs.dll</ModulePath>
      <ModuleTime>2022-10-17T19:43:14.4183412Z</ModuleTime>
      <ModuleName>mylibcs</ModuleName>
      <Files>
        <File uid="11" fullPath="C:\Users\Hasan\Desktop\New folder (3)\ce205-2022-2023-hw1-template\mylibcs\MyCalculator.cs" />
        <File uid="12" fullPath="C:\Users\Hasan\Desktop\New folder (3)\ce205-2022-2023-hw1-template\mylibcs\MyData.cs" />
        <File uid="13" fullPath="C:\Users\Hasan\Desktop\New folder (3)\ce205-2022-2023-hw1-template\mylibcs\MySkipList.cs" />
        <File uid="15" fullPath="C:\Users\Hasan\Desktop\New folder (3)\ce205-2022-2023-hw1-template\mylibcs\MyXorList.cs" />
      </Files>
      <Classes>
        <Class>
          <Summary numSequencePoints="211" visitedSequencePoints="165" numBranchPoints="149" visitedBranchPoints="98" sequenceCoverage="78.20" branchCoverage="65.77" maxCyclomaticComplexity="28" minCyclomaticComplexity="1" maxCrapScore="69.34" minCrapScore="2" visitedClasses="1" numClasses="1" visitedMethods="7" numMethods="7" />
          <FullName>mylibcs.MyCalculator</FullName>
          <Methods>
            <Method visited="true" cyclomaticComplexity="18" nPathComplexity="131072" sequenceCoverage="93.75" branchCoverage="91.43" crapScore="18.08" isConstructor="false" isStatic="true" isGetter="false" isSetter="false">
              <Summary numSequencePoints="48" visitedSequencePoints="45" numBranchPoints="35" visitedBranchPoints="32" sequenceCoverage="93.75" branchCoverage="91.43" maxCyclomaticComplexity="18" minCyclomaticComplexity="18" maxCrapScore="18.08" minCrapScore="18.08" visitedClasses="0" numClasses="0" visitedMethods="1" numMethods="1" />
              <MetadataToken>100663297</MetadataToken>
              <Name>System.Int32 mylibcs.MyCalculator::evaluateInfix(System.String)</Name>
              <FileRef uid="11" />
              <SequencePoints>
                <SequencePoint vc="3" uspid="185" ordinal="0" offset="0" sl="18" sc="9" el="18" ec="10" bec="0" bev="0" fileid="11" />
                <SequencePoint vc="3" uspid="186" ordinal="1" offset="1" sl="19" sc="13" el="19" ec="54" bec="0" bev="0" fileid="11" />
                <SequencePoint vc="3" uspid="187" ordinal="2" offset="8" sl="22" sc="13" el="22" ec="50" bec="0" bev="0" fileid="11" />
                <SequencePoint vc="3" uspid="188" ordinal="3" offset="14" sl="25" sc="13" el="25" ec="49" bec="0" bev="0" fileid="11" />
                <SequencePoint vc="3" uspid="189" ordinal="4" offset="20" sl="27" sc="18" el="27" ec="27" bec="0" bev="0" fileid="11" />
                <SequencePoint vc="69" uspid="190" ordinal="5" offset="27" sl="28" sc="13" el="28" ec="14" bec="0" bev="0" fileid="11" />
                <SequencePoint vc="69" uspid="191" ordinal="6" offset="28" sl="30" sc="17" el="30" ec="38" bec="2" bev="2" fileid="11" />
                <SequencePoint vc="24" uspid="192" ordinal="7" offset="41" sl="31" sc="17" el="31" ec="18" bec="0" bev="0" fileid="11" />
                <SequencePoint vc="24" uspid="193" ordinal="8" offset="42" sl="32" sc="21" el="32" ec="30" bec="0" bev="0" fileid="11" />
                <SequencePoint vc="45" uspid="194" ordinal="9" offset="47" sl="37" sc="17" el="37" ec="58" bec="4" bev="4" fileid="11" />
                <SequencePoint vc="15" uspid="195" ordinal="10" offset="73" sl="38" sc="17" el="38" ec="18" bec="0" bev="0" fileid="11" />
                <SequencePoint vc="15" uspid="196" ordinal="11" offset="74" sl="39" sc="21" el="39" ec="62" bec="0" bev="0" fileid="11" />
                <SequencePoint vc="21" uspid="197" ordinal="12" offset="83" sl="45" sc="21" el="45" ec="22" bec="0" bev="0" fileid="11" />
                <SequencePoint vc="21" uspid="198" ordinal="13" offset="84" sl="46" sc="25" el="46" ec="50" bec="0" bev="0" fileid="11" />
                <SequencePoint vc="21" uspid="199" ordinal="14" offset="99" sl="47" sc="21" el="47" ec="22" bec="0" bev="0" fileid="11" />
                <SequencePoint vc="36" uspid="200" ordinal="15" offset="100" sl="42" sc="21" el="44" ec="50" bec="5" bev="5" fileid="11" />
                <SequencePoint vc="15" uspid="201" ordinal="16" offset="132" sl="48" sc="21" el="48" ec="61" bec="0" bev="0" fileid="11" />
                <SequencePoint vc="15" uspid="202" ordinal="17" offset="151" sl="51" sc="21" el="51" ec="25" bec="0" bev="0" fileid="11" />
                <SequencePoint vc="15" uspid="203" ordinal="18" offset="155" sl="52" sc="17" el="52" ec="18" bec="0" bev="0" fileid="11" />
                <SequencePoint vc="30" uspid="204" ordinal="19" offset="161" sl="55" sc="22" el="55" ec="43" bec="2" bev="2" fileid="11" />
                <SequencePoint vc="9" uspid="205" ordinal="20" offset="174" sl="56" sc="17" el="56" ec="18" bec="0" bev="0" fileid="11" />
                <SequencePoint vc="9" uspid="206" ordinal="21" offset="175" sl="57" sc="21" el="57" ec="41" bec="0" bev="0" fileid="11" />
                <SequencePoint vc="9" uspid="207" ordinal="22" offset="185" sl="58" sc="17" el="58" ec="18" bec="0" bev="0" fileid="11" />
                <SequencePoint vc="21" uspid="208" ordinal="23" offset="191" sl="62" sc="22" el="62" ec="43" bec="2" bev="2" fileid="11" />
                <SequencePoint vc="9" uspid="209" ordinal="24" offset="204" sl="63" sc="17" el="63" ec="18" bec="0" bev="0" fileid="11" />
                <SequencePoint vc="6" uspid="210" ordinal="25" offset="207" sl="65" sc="21" el="65" ec="22" bec="0" bev="0" fileid="11" />
                <SequencePoint vc="6" uspid="211" ordinal="26" offset="208" sl="66" sc="25" el="68" ec="56" bec="0" bev="0" fileid="11" />
                <SequencePoint vc="6" uspid="212" ordinal="27" offset="238" sl="69" sc="21" el="69" ec="22" bec="0" bev="0" fileid="11" />
                <SequencePoint vc="15" uspid="213" ordinal="28" offset="239" sl="64" sc="21" el="64" ec="46" bec="2" bev="2" fileid="11" />
                <SequencePoint vc="9" uspid="214" ordinal="29" offset="258" sl="70" sc="21" el="70" ec="31" bec="0" bev="0" fileid="11" />
                <SequencePoint vc="9" uspid="215" ordinal="30" offset="265" sl="71" sc="17" el="71" ec="18" bec="0" bev="0" fileid="11" />
                <SequencePoint vc="12" uspid="216" ordinal="31" offset="268" sl="74" sc="22" el="77" ec="43" bec="6" bev="6" fileid="11" />
                <SequencePoint vc="9" uspid="217" ordinal="32" offset="305" sl="78" sc="17" el="78" ec="18" bec="0" bev="0" fileid="11" />
                <SequencePoint vc="0" uspid="218" ordinal="33" offset="308" sl="88" sc="21" el="88" ec="22" bec="0" bev="0" fileid="11" />
                <SequencePoint vc="0" uspid="219" ordinal="34" offset="309" sl="89" sc="25" el="91" ec="55" bec="0" bev="0" fileid="11" />
                <SequencePoint vc="0" uspid="220" ordinal="35" offset="339" sl="92" sc="21" el="92" ec="22" bec="0" bev="0" fileid="11" />
                <SequencePoint vc="9" uspid="221" ordinal="36" offset="340" sl="85" sc="21" el="87" ec="54" bec="4" bev="3" fileid="11" />
                <SequencePoint vc="9" uspid="222" ordinal="37" offset="372" sl="95" sc="21" el="95" ec="41" bec="0" bev="0" fileid="11" />
                <SequencePoint vc="9" uspid="223" ordinal="38" offset="382" sl="96" sc="17" el="96" ec="18" bec="0" bev="0" fileid="11" />
                <SequencePoint vc="45" uspid="224" ordinal="39" offset="383" sl="97" sc="13" el="97" ec="14" bec="0" bev="0" fileid="11" />
                <SequencePoint vc="69" uspid="225" ordinal="40" offset="384" sl="27" sc="48" el="27" ec="51" bec="0" bev="0" fileid="11" />
                <SequencePoint vc="72" uspid="226" ordinal="41" offset="388" sl="27" sc="29" el="27" ec="46" bec="2" bev="2" fileid="11" />
                <SequencePoint vc="3" uspid="227" ordinal="42" offset="405" sl="101" sc="13" el="101" ec="14" bec="0" bev="0" fileid="11" />
                <SequencePoint vc="3" uspid="228" ordinal="43" offset="406" sl="102" sc="17" el="104" ec="48" bec="0" bev="0" fileid="11" />
                <SequencePoint vc="3" uspid="229" ordinal="44" offset="436" sl="105" sc="13" el="105" ec="14" bec="0" bev="0" fileid="11" />
                <SequencePoint vc="6" uspid="230" ordinal="45" offset="437" sl="100" sc="13" el="100" ec="34" bec="2" bev="2" fileid="11" />
                <SequencePoint vc="3" uspid="231" ordinal="46" offset="452" sl="107" sc="13" el="107" ec="33" bec="0" bev="0" fileid="11" />
                <SequencePoint vc="3" uspid="232" ordinal="47" offset="462" sl="108" sc="9" el="108" ec="10" bec="0" bev="0" fileid="11" />
              </SequencePoints>
              <BranchPoints>
                <BranchPoint vc="24" uspid="233" ordinal="0" offset="39" sl="30" path="0" offsetend="41" fileid="11" />
                <BranchPoint vc="45" uspid="234" ordinal="1" offset="39" sl="30" path="1" offsetend="47" fileid="11" />
                <BranchPoint vc="15" uspid="235" ordinal="2" offset="52" sl="37" path="0" offsetend="54" fileid="11" />
                <BranchPoint vc="30" uspid="236" ordinal="3" offset="52" sl="37" path="1" offsetend="66" fileid="11" />
                <BranchPoint vc="15" uspid="237" ordinal="4" offset="71" sl="37" path="0" offsetend="73" fileid="11" />
                <BranchPoint vc="30" uspid="238" ordinal="5" offset="71" sl="37" path="1" offsetend="161" fileid="11" />
                <BranchPoint vc="36" uspid="239" ordinal="6" offset="104" sl="42" path="0" offsetend="106" fileid="11" />
                <BranchPoint vc="0" uspid="240" ordinal="7" offset="104" sl="42" path="1" offsetend="125" fileid="11" />
                <BranchPoint vc="21" uspid="241" ordinal="8" offset="111" sl="42" path="0" offsetend="113" fileid="11" />
                <BranchPoint vc="15" uspid="242" ordinal="9" offset="111" sl="42" path="1" offsetend="125" fileid="11" />
                <BranchPoint vc="15" uspid="243" ordinal="10" offset="130" sl="42" path="0" offsetend="132" fileid="11" />
                <BranchPoint vc="21" uspid="244" ordinal="11" offset="130" sl="42" path="1" offsetend="83" fileid="11" />
                <BranchPoint vc="9" uspid="245" ordinal="12" offset="172" sl="55" path="0" offsetend="174" fileid="11" />
                <BranchPoint vc="21" uspid="246" ordinal="13" offset="172" sl="55" path="1" offsetend="191" fileid="11" />
                <BranchPoint vc="9" uspid="247" ordinal="14" offset="202" sl="62" path="0" offsetend="204" fileid="11" />
                <BranchPoint vc="12" uspid="248" ordinal="15" offset="202" sl="62" path="1" offsetend="268" fileid="11" />
                <BranchPoint vc="9" uspid="249" ordinal="16" offset="256" sl="64" path="0" offsetend="258" fileid="11" />
                <BranchPoint vc="6" uspid="250" ordinal="17" offset="256" sl="64" path="1" offsetend="207" fileid="11" />
                <BranchPoint vc="9" uspid="251" ordinal="18" offset="273" sl="74" path="0" offsetend="275" fileid="11" />
                <BranchPoint vc="3" uspid="252" ordinal="19" offset="273" sl="74" path="1" offsetend="298" fileid="11" />
                <BranchPoint vc="9" uspid="253" ordinal="20" offset="280" sl="74" path="0" offsetend="282" fileid="11" />
                <BranchPoint vc="0" uspid="254" ordinal="21" offset="280" sl="74" path="1" offsetend="298" fileid="11" />
                <BranchPoint vc="3" uspid="255" ordinal="22" offset="287" sl="74" path="0" offsetend="289" fileid="11" />
                <BranchPoint vc="9" uspid="256" ordinal="23" offset="287" sl="74" path="1" offsetend="298" fileid="11" />
                <BranchPoint vc="9" uspid="257" ordinal="24" offset="303" sl="74" path="0" offsetend="305" fileid="11" />
                <BranchPoint vc="3" uspid="258" ordinal="25" offset="303" sl="74" path="1" offsetend="383" fileid="11" />
                <BranchPoint vc="6" uspid="259" ordinal="26" offset="347" sl="85" path="0" offsetend="349" fileid="11" />
                <BranchPoint vc="3" uspid="260" ordinal="27" offset="347" sl="85" path="1" offsetend="365" fileid="11" />
                <BranchPoint vc="9" uspid="261" ordinal="28" offset="370" sl="85" path="0" offsetend="372" fileid="11" />
                <BranchPoint vc="0" uspid="262" ordinal="29" offset="370" sl="85" path="1" offsetend="308" fileid="11" />
                <BranchPoint vc="3" uspid="263" ordinal="30" offset="398" sl="27" path="0" offsetchain="403" offsetend="437" fileid="11" />
                <BranchPoint vc="69" uspid="264" ordinal="31" offset="398" sl="27" path="1" offsetend="27" fileid="11" />
                <BranchPoint vc="3" uspid="265" ordinal="32" offset="450" sl="100" path="0" offsetend="452" fileid="11" />
                <BranchPoint vc="3" uspid="266" ordinal="33" offset="450" sl="100" path="1" offsetend="405" fileid="11" />
              </BranchPoints>
              <MethodPoint xsi:type="SequencePoint" vc="3" uspid="185" ordinal="0" offset="0" sl="18" sc="9" el="18" ec="10" bec="0" bev="0" fileid="11" />
            </Method>
            <Method visited="true" cyclomaticComplexity="8" nPathComplexity="64" sequenceCoverage="50" branchCoverage="23.08" crapScore="16.00" isConstructor="false" isStatic="true" isGetter="false" isSetter="false">
              <Summary numSequencePoints="10" visitedSequencePoints="5" numBranchPoints="13" visitedBranchPoints="3" sequenceCoverage="50" branchCoverage="23.08" maxCyclomaticComplexity="8" minCyclomaticComplexity="8" maxCrapScore="16.00" minCrapScore="16.00" visitedClasses="0" numClasses="0" visitedMethods="1" numMethods="1" />
              <MetadataToken>100663298</MetadataToken>
              <Name>System.Boolean mylibcs.MyCalculator::hasPrecedence(System.Char,System.Char)</Name>
              <FileRef uid="11" />
              <SequencePoints>
                <SequencePoint vc="6" uspid="267" ordinal="0" offset="0" sl="112" sc="9" el="112" ec="10" bec="0" bev="0" fileid="11" />
                <SequencePoint vc="6" uspid="268" ordinal="1" offset="1" sl="113" sc="13" el="113" ec="42" bec="4" bev="2" fileid="11" />
                <SequencePoint vc="6" uspid="269" ordinal="2" offset="18" sl="114" sc="13" el="114" ec="14" bec="0" bev="0" fileid="11" />
                <SequencePoint vc="6" uspid="270" ordinal="3" offset="19" sl="115" sc="17" el="115" ec="30" bec="0" bev="0" fileid="11" />
                <SequencePoint vc="0" uspid="271" ordinal="4" offset="23" sl="117" sc="13" el="118" ec="47" bec="7" bev="0" fileid="11" />
                <SequencePoint vc="0" uspid="272" ordinal="5" offset="53" sl="119" sc="13" el="119" ec="14" bec="0" bev="0" fileid="11" />
                <SequencePoint vc="0" uspid="273" ordinal="6" offset="54" sl="120" sc="17" el="120" ec="30" bec="0" bev="0" fileid="11" />
                <SequencePoint vc="0" uspid="274" ordinal="7" offset="58" sl="123" sc="13" el="123" ec="14" bec="0" bev="0" fileid="11" />
                <SequencePoint vc="0" uspid="275" ordinal="8" offset="59" sl="124" sc="17" el="124" ec="29" bec="0" bev="0" fileid="11" />
                <SequencePoint vc="6" uspid="276" ordinal="9" offset="63" sl="126" sc="9" el="126" ec="10" bec="0" bev="0" fileid="11" />
              </SequencePoints>
              <BranchPoints>
                <BranchPoint vc="0" uspid="277" ordinal="0" offset="4" sl="113" path="0" offsetend="6" fileid="11" />
                <BranchPoint vc="6" uspid="278" ordinal="1" offset="4" sl="113" path="1" offsetend="13" fileid="11" />
                <BranchPoint vc="6" uspid="279" ordinal="2" offset="16" sl="113" path="0" offsetend="18" fileid="11" />
                <BranchPoint vc="0" uspid="280" ordinal="3" offset="16" sl="113" path="1" offsetend="23" fileid="11" />
                <BranchPoint vc="0" uspid="281" ordinal="4" offset="26" sl="117" path="0" offsetend="28" fileid="11" />
                <BranchPoint vc="0" uspid="282" ordinal="5" offset="26" sl="117" path="1" offsetend="33" fileid="11" />
                <BranchPoint vc="0" uspid="283" ordinal="6" offset="31" sl="117" path="0" offsetend="33" fileid="11" />
                <BranchPoint vc="0" uspid="284" ordinal="7" offset="31" sl="117" path="1" offsetend="48" fileid="11" />
                <BranchPoint vc="0" uspid="285" ordinal="8" offset="36" sl="117" path="0" offsetend="38" fileid="11" />
                <BranchPoint vc="0" uspid="286" ordinal="9" offset="36" sl="117" path="1" offsetend="45" fileid="11" />
                <BranchPoint vc="0" uspid="287" ordinal="10" offset="51" sl="117" path="0" offsetend="53" fileid="11" />
                <BranchPoint vc="0" uspid="288" ordinal="11" offset="51" sl="117" path="1" offsetend="58" fileid="11" />
              </BranchPoints>
              <MethodPoint xsi:type="SequencePoint" vc="6" uspid="267" ordinal="0" offset="0" sl="112" sc="9" el="112" ec="10" bec="0" bev="0" fileid="11" />
            </Method>
            <Method visited="true" cyclomaticComplexity="7" nPathComplexity="14" sequenceCoverage="45.45" branchCoverage="30" crapScore="14.95" isConstructor="false" isStatic="true" isGetter="false" isSetter="false">
              <Summary numSequencePoints="11" visitedSequencePoints="5" numBranchPoints="10" visitedBranchPoints="3" sequenceCoverage="45.45" branchCoverage="30" maxCyclomaticComplexity="7" minCyclomaticComplexity="7" maxCrapScore="14.95" minCrapScore="14.95" visitedClasses="0" numClasses="0" visitedMethods="1" numMethods="1" />
              <MetadataToken>100663299</MetadataToken>
              <Name>System.Int32 mylibcs.MyCalculator::applyOp(System.Char,System.Int32,System.Int32)</Name>
              <FileRef uid="11" />
              <SequencePoints>
                <SequencePoint vc="9" uspid="289" ordinal="0" offset="0" sl="132" sc="9" el="132" ec="10" bec="0" bev="0" fileid="11" />
                <SequencePoint vc="9" uspid="290" ordinal="1" offset="1" sl="133" sc="13" el="133" ec="24" bec="5" bev="2" fileid="11" />
                <SequencePoint vc="3" uspid="291" ordinal="2" offset="40" sl="136" sc="21" el="136" ec="34" bec="0" bev="0" fileid="11" />
                <SequencePoint vc="0" uspid="292" ordinal="3" offset="46" sl="138" sc="21" el="138" ec="34" bec="0" bev="0" fileid="11" />
                <SequencePoint vc="6" uspid="293" ordinal="4" offset="52" sl="140" sc="21" el="140" ec="34" bec="0" bev="0" fileid="11" />
                <SequencePoint vc="0" uspid="294" ordinal="5" offset="58" sl="142" sc="21" el="142" ec="32" bec="2" bev="0" fileid="11" />
                <SequencePoint vc="0" uspid="295" ordinal="6" offset="66" sl="143" sc="21" el="143" ec="22" bec="0" bev="0" fileid="11" />
                <SequencePoint vc="0" uspid="296" ordinal="7" offset="67" sl="144" sc="25" el="146" ec="57" bec="0" bev="0" fileid="11" />
                <SequencePoint vc="0" uspid="297" ordinal="8" offset="78" sl="148" sc="21" el="148" ec="34" bec="0" bev="0" fileid="11" />
                <SequencePoint vc="0" uspid="298" ordinal="9" offset="84" sl="150" sc="13" el="150" ec="22" bec="0" bev="0" fileid="11" />
                <SequencePoint vc="9" uspid="299" ordinal="10" offset="88" sl="151" sc="9" el="151" ec="10" bec="0" bev="0" fileid="11" />
              </SequencePoints>
              <BranchPoints>
                <BranchPoint vc="0" uspid="300" ordinal="0" offset="9" sl="133" path="0" offsetchain="38" offsetend="84" fileid="11" />
                <BranchPoint vc="6" uspid="301" ordinal="1" offset="9" sl="133" path="1" offsetend="52" fileid="11" />
                <BranchPoint vc="3" uspid="302" ordinal="2" offset="9" sl="133" path="2" offsetend="40" fileid="11" />
                <BranchPoint vc="0" uspid="303" ordinal="3" offset="9" sl="133" path="3" offsetend="84" fileid="11" />
                <BranchPoint vc="0" uspid="304" ordinal="4" offset="9" sl="133" path="4" offsetend="46" fileid="11" />
                <BranchPoint vc="0" uspid="305" ordinal="5" offset="9" sl="133" path="5" offsetend="84" fileid="11" />
                <BranchPoint vc="0" uspid="306" ordinal="6" offset="9" sl="133" path="6" offsetend="58" fileid="11" />
                <BranchPoint vc="0" uspid="307" ordinal="7" offset="64" sl="142" path="0" offsetend="66" fileid="11" />
                <BranchPoint vc="0" uspid="308" ordinal="8" offset="64" sl="142" path="1" offsetend="78" fileid="11" />
              </BranchPoints>
              <MethodPoint xsi:type="SequencePoint" vc="9" uspid="289" ordinal="0" offset="0" sl="132" sc="9" el="132" ec="10" bec="0" bev="0" fileid="11" />
            </Method>
            <Method visited="true" cyclomaticComplexity="28" nPathComplexity="134217728" sequenceCoverage="62.5" branchCoverage="52.73" crapScore="69.34" isConstructor="false" isStatic="true" isGetter="false" isSetter="false">
              <Summary numSequencePoints="80" visitedSequencePoints="50" numBranchPoints="55" visitedBranchPoints="29" sequenceCoverage="62.5" branchCoverage="52.73" maxCyclomaticComplexity="28" minCyclomaticComplexity="28" maxCrapScore="69.34" minCrapScore="69.34" visitedClasses="0" numClasses="0" visitedMethods="1" numMethods="1" />
              <MetadataToken>100663300</MetadataToken>
              <Name>System.Boolean mylibcs.MyCalculator::validateInfix(System.String)</Name>
              <FileRef uid="11" />
              <SequencePoints>
                <SequencePoint vc="9" uspid="309" ordinal="0" offset="0" sl="159" sc="9" el="159" ec="10" bec="0" bev="0" fileid="11" />
                <SequencePoint vc="9" uspid="310" ordinal="1" offset="1" sl="160" sc="13" el="160" ec="30" bec="0" bev="0" fileid="11" />
                <SequencePoint vc="9" uspid="311" ordinal="2" offset="3" sl="161" sc="13" el="161" ec="31" bec="0" bev="0" fileid="11" />
                <SequencePoint vc="9" uspid="312" ordinal="3" offset="5" sl="162" sc="13" el="162" ec="48" bec="0" bev="0" fileid="11" />
                <SequencePoint vc="9" uspid="313" ordinal="4" offset="11" sl="163" sc="13" el="163" ec="37" bec="0" bev="0" fileid="11" />
                <SequencePoint vc="9" uspid="314" ordinal="5" offset="13" sl="165" sc="18" el="165" ec="27" bec="0" bev="0" fileid="11" />
                <SequencePoint vc="24" uspid="315" ordinal="6" offset="21" sl="166" sc="13" el="166" ec="14" bec="0" bev="0" fileid="11" />
                <SequencePoint vc="24" uspid="316" ordinal="7" offset="22" sl="167" sc="17" el="167" ec="33" bec="0" bev="0" fileid="11" />
                <SequencePoint vc="24" uspid="317" ordinal="8" offset="32" sl="168" sc="17" el="168" ec="30" bec="2" bev="1" fileid="11" />
                <SequencePoint vc="0" uspid="318" ordinal="9" offset="44" sl="169" sc="17" el="169" ec="18" bec="0" bev="0" fileid="11" />
                <SequencePoint vc="0" uspid="319" ordinal="10" offset="45" sl="170" sc="17" el="170" ec="18" bec="0" bev="0" fileid="11" />
                <SequencePoint vc="24" uspid="320" ordinal="11" offset="51" sl="172" sc="17" el="172" ec="30" bec="2" bev="2" fileid="11" />
                <SequencePoint vc="6" uspid="321" ordinal="12" offset="66" sl="173" sc="17" el="173" ec="18" bec="0" bev="0" fileid="11" />
                <SequencePoint vc="6" uspid="322" ordinal="13" offset="67" sl="174" sc="21" el="174" ec="49" bec="0" bev="0" fileid="11" />
                <SequencePoint vc="6" uspid="323" ordinal="14" offset="79" sl="175" sc="21" el="175" ec="33" bec="2" bev="1" fileid="11" />
                <SequencePoint vc="0" uspid="324" ordinal="15" offset="90" sl="176" sc="25" el="176" ec="38" bec="0" bev="0" fileid="11" />
                <SequencePoint vc="6" uspid="325" ordinal="16" offset="98" sl="178" sc="21" el="178" ec="72" bec="0" bev="0" fileid="11" />
                <SequencePoint vc="6" uspid="326" ordinal="17" offset="119" sl="181" sc="21" el="181" ec="22" bec="0" bev="0" fileid="11" />
                <SequencePoint vc="6" uspid="327" ordinal="18" offset="120" sl="182" sc="25" el="182" ec="48" bec="2" bev="1" fileid="11" />
                <SequencePoint vc="6" uspid="328" ordinal="19" offset="138" sl="183" sc="29" el="183" ec="57" bec="0" bev="0" fileid="11" />
                <SequencePoint vc="0" uspid="329" ordinal="20" offset="154" sl="185" sc="29" el="185" ec="35" bec="0" bev="0" fileid="11" />
                <SequencePoint vc="6" uspid="330" ordinal="21" offset="156" sl="187" sc="25" el="187" ec="69" bec="0" bev="0" fileid="11" />
                <SequencePoint vc="6" uspid="331" ordinal="22" offset="175" sl="188" sc="21" el="188" ec="22" bec="0" bev="0" fileid="11" />
                <SequencePoint vc="12" uspid="332" ordinal="23" offset="176" sl="180" sc="21" el="180" ec="99" bec="2" bev="2" fileid="11" />
                <SequencePoint vc="6" uspid="333" ordinal="24" offset="205" sl="190" sc="21" el="190" ec="31" bec="0" bev="0" fileid="11" />
                <SequencePoint vc="6" uspid="334" ordinal="25" offset="211" sl="192" sc="21" el="192" ec="58" bec="2" bev="1" fileid="11" />
                <SequencePoint vc="0" uspid="335" ordinal="26" offset="224" sl="193" sc="21" el="193" ec="22" bec="0" bev="0" fileid="11" />
                <SequencePoint vc="0" uspid="336" ordinal="27" offset="225" sl="194" sc="25" el="194" ec="85" bec="5" bev="0" fileid="11" />
                <SequencePoint vc="0" uspid="337" ordinal="28" offset="244" sl="195" sc="25" el="195" ec="26" bec="0" bev="0" fileid="11" />
                <SequencePoint vc="0" uspid="338" ordinal="29" offset="245" sl="196" sc="29" el="196" ec="57" bec="0" bev="0" fileid="11" />
                <SequencePoint vc="0" uspid="339" ordinal="30" offset="247" sl="197" sc="29" el="197" ec="47" bec="0" bev="0" fileid="11" />
                <SequencePoint vc="0" uspid="340" ordinal="31" offset="251" sl="198" sc="29" el="198" ec="42" bec="0" bev="0" fileid="11" />
                <SequencePoint vc="0" uspid="341" ordinal="32" offset="253" sl="199" sc="25" el="199" ec="26" bec="0" bev="0" fileid="11" />
                <SequencePoint vc="0" uspid="342" ordinal="33" offset="256" sl="200" sc="30" el="200" ec="91" bec="5" bev="0" fileid="11" />
                <SequencePoint vc="0" uspid="343" ordinal="34" offset="278" sl="201" sc="25" el="201" ec="26" bec="0" bev="0" fileid="11" />
                <SequencePoint vc="0" uspid="344" ordinal="35" offset="279" sl="202" sc="29" el="202" ec="42" bec="0" bev="0" fileid="11" />
                <SequencePoint vc="0" uspid="345" ordinal="36" offset="287" sl="204" sc="30" el="204" ec="49" bec="2" bev="0" fileid="11" />
                <SequencePoint vc="0" uspid="346" ordinal="37" offset="297" sl="205" sc="25" el="205" ec="26" bec="0" bev="0" fileid="11" />
                <SequencePoint vc="0" uspid="347" ordinal="38" offset="298" sl="206" sc="29" el="206" ec="42" bec="0" bev="0" fileid="11" />
                <SequencePoint vc="0" uspid="348" ordinal="39" offset="306" sl="209" sc="25" el="209" ec="26" bec="0" bev="0" fileid="11" />
                <SequencePoint vc="0" uspid="349" ordinal="40" offset="307" sl="210" sc="29" el="210" ec="57" bec="0" bev="0" fileid="11" />
                <SequencePoint vc="0" uspid="350" ordinal="41" offset="309" sl="211" sc="29" el="211" ec="47" bec="0" bev="0" fileid="11" />
                <SequencePoint vc="0" uspid="351" ordinal="42" offset="313" sl="212" sc="25" el="212" ec="26" bec="0" bev="0" fileid="11" />
                <SequencePoint vc="0" uspid="352" ordinal="43" offset="314" sl="213" sc="21" el="213" ec="22" bec="0" bev="0" fileid="11" />
                <SequencePoint vc="6" uspid="353" ordinal="44" offset="317" sl="215" sc="21" el="215" ec="22" bec="0" bev="0" fileid="11" />
                <SequencePoint vc="6" uspid="354" ordinal="45" offset="318" sl="216" sc="25" el="216" ec="38" bec="0" bev="0" fileid="11" />
                <SequencePoint vc="0" uspid="355" ordinal="46" offset="326" sl="218" sc="17" el="218" ec="18" bec="0" bev="0" fileid="11" />
                <SequencePoint vc="18" uspid="356" ordinal="47" offset="332" sl="220" sc="21" el="223" ec="32" bec="6" bev="6" fileid="11" />
                <SequencePoint vc="6" uspid="357" ordinal="48" offset="365" sl="224" sc="17" el="224" ec="18" bec="0" bev="0" fileid="11" />
                <SequencePoint vc="6" uspid="358" ordinal="49" offset="366" sl="225" sc="21" el="225" ec="39" bec="2" bev="1" fileid="11" />
                <SequencePoint vc="0" uspid="359" ordinal="50" offset="376" sl="226" sc="21" el="226" ec="22" bec="0" bev="0" fileid="11" />
                <SequencePoint vc="0" uspid="360" ordinal="51" offset="377" sl="227" sc="25" el="227" ec="38" bec="0" bev="0" fileid="11" />
                <SequencePoint vc="6" uspid="361" ordinal="52" offset="385" sl="229" sc="21" el="229" ec="48" bec="0" bev="0" fileid="11" />
                <SequencePoint vc="6" uspid="362" ordinal="53" offset="387" sl="230" sc="21" el="230" ec="39" bec="0" bev="0" fileid="11" />
                <SequencePoint vc="6" uspid="363" ordinal="54" offset="391" sl="231" sc="17" el="231" ec="18" bec="0" bev="0" fileid="11" />
                <SequencePoint vc="12" uspid="364" ordinal="55" offset="394" sl="233" sc="17" el="233" ec="18" bec="0" bev="0" fileid="11" />
                <SequencePoint vc="12" uspid="365" ordinal="56" offset="395" sl="234" sc="21" el="234" ec="81" bec="5" bev="5" fileid="11" />
                <SequencePoint vc="3" uspid="366" ordinal="57" offset="414" sl="235" sc="21" el="235" ec="22" bec="0" bev="0" fileid="11" />
                <SequencePoint vc="3" uspid="367" ordinal="58" offset="415" sl="236" sc="25" el="236" ec="53" bec="0" bev="0" fileid="11" />
[...]
              </SequencePoints>
              <BranchPoints />
              <MethodPoint xsi:type="SequencePoint" vc="5" uspid="689" ordinal="0" offset="0" sl="22" sc="9" el="22" ec="27" bec="0" bev="0" fileid="15" />
            </Method>
            <Method visited="true" cyclomaticComplexity="1" nPathComplexity="0" sequenceCoverage="100" branchCoverage="100" crapScore="1" isConstructor="false" isStatic="false" isGetter="false" isSetter="false">
              <Summary numSequencePoints="8" visitedSequencePoints="8" numBranchPoints="1" visitedBranchPoints="1" sequenceCoverage="100" branchCoverage="100" maxCyclomaticComplexity="1" minCyclomaticComplexity="1" maxCrapScore="1" minCrapScore="1" visitedClasses="0" numClasses="0" visitedMethods="1" numMethods="1" />
              <MetadataToken>100663313</MetadataToken>
              <Name>System.Void mylibcs.MyXorList::insertFront(mylibcs.MyData)</Name>
              <FileRef uid="15" />
              <SequencePoints>
                <SequencePoint vc="5" uspid="695" ordinal="0" offset="0" sl="36" sc="9" el="36" ec="10" bec="0" bev="0" fileid="15" />
                <SequencePoint vc="5" uspid="696" ordinal="1" offset="1" sl="37" sc="13" el="37" ec="36" bec="0" bev="0" fileid="15" />
                <SequencePoint vc="5" uspid="697" ordinal="2" offset="7" sl="38" sc="13" el="38" ec="30" bec="0" bev="0" fileid="15" />
                <SequencePoint vc="5" uspid="698" ordinal="3" offset="14" sl="39" sc="13" el="39" ec="35" bec="0" bev="0" fileid="15" />
                <SequencePoint vc="5" uspid="699" ordinal="4" offset="31" sl="40" sc="13" el="40" ec="30" bec="0" bev="0" fileid="15" />
                <SequencePoint vc="5" uspid="700" ordinal="5" offset="43" sl="41" sc="13" el="41" ec="35" bec="0" bev="0" fileid="15" />
                <SequencePoint vc="5" uspid="701" ordinal="6" offset="60" sl="42" sc="13" el="42" ec="30" bec="0" bev="0" fileid="15" />
                <SequencePoint vc="5" uspid="702" ordinal="7" offset="72" sl="43" sc="9" el="43" ec="10" bec="0" bev="0" fileid="15" />
              </SequencePoints>
              <BranchPoints />
              <MethodPoint xsi:type="SequencePoint" vc="5" uspid="695" ordinal="0" offset="0" sl="36" sc="9" el="36" ec="10" bec="0" bev="0" fileid="15" />
            </Method>
            <Method visited="true" cyclomaticComplexity="1" nPathComplexity="0" sequenceCoverage="100" branchCoverage="100" crapScore="1" isConstructor="false" isStatic="false" isGetter="false" isSetter="false">
              <Summary numSequencePoints="9" visitedSequencePoints="9" numBranchPoints="1" visitedBranchPoints="1" sequenceCoverage="100" branchCoverage="100" maxCyclomaticComplexity="1" minCyclomaticComplexity="1" maxCrapScore="1" minCrapScore="1" visitedClasses="0" numClasses="0" visitedMethods="1" numMethods="1" />
              <MetadataToken>100663314</MetadataToken>
              <Name>System.Int32 mylibcs.MyXorList::insertEnd(mylibcs.MyData)</Name>
              <FileRef uid="15" />
              <SequencePoints>
                <SequencePoint vc="20" uspid="703" ordinal="0" offset="0" sl="52" sc="9" el="52" ec="10" bec="0" bev="0" fileid="15" />
                <SequencePoint vc="20" uspid="704" ordinal="1" offset="1" sl="53" sc="13" el="53" ec="36" bec="0" bev="0" fileid="15" />
                <SequencePoint vc="20" uspid="705" ordinal="2" offset="7" sl="54" sc="13" el="54" ec="30" bec="0" bev="0" fileid="15" />
                <SequencePoint vc="20" uspid="706" ordinal="3" offset="14" sl="55" sc="13" el="55" ec="30" bec="0" bev="0" fileid="15" />
                <SequencePoint vc="20" uspid="707" ordinal="4" offset="26" sl="56" sc="13" el="56" ec="35" bec="0" bev="0" fileid="15" />
                <SequencePoint vc="20" uspid="708" ordinal="5" offset="43" sl="57" sc="13" el="57" ec="35" bec="0" bev="0" fileid="15" />
                <SequencePoint vc="20" uspid="709" ordinal="6" offset="60" sl="58" sc="13" el="58" ec="30" bec="0" bev="0" fileid="15" />
                <SequencePoint vc="20" uspid="710" ordinal="7" offset="72" sl="60" sc="13" el="60" ec="29" bec="0" bev="0" fileid="15" />
                <SequencePoint vc="20" uspid="711" ordinal="8" offset="81" sl="61" sc="9" el="61" ec="10" bec="0" bev="0" fileid="15" />
              </SequencePoints>
              <BranchPoints />
              <MethodPoint xsi:type="SequencePoint" vc="20" uspid="703" ordinal="0" offset="0" sl="52" sc="9" el="52" ec="10" bec="0" bev="0" fileid="15" />
            </Method>
            <Method visited="false" cyclomaticComplexity="3" nPathComplexity="4" sequenceCoverage="0" branchCoverage="0" crapScore="12" isConstructor="false" isStatic="false" isGetter="false" isSetter="false">
              <Summary numSequencePoints="17" visitedSequencePoints="0" numBranchPoints="5" visitedBranchPoints="0" sequenceCoverage="0" branchCoverage="0" maxCyclomaticComplexity="3" minCyclomaticComplexity="3" maxCrapScore="12" minCrapScore="12" visitedClasses="0" numClasses="0" visitedMethods="0" numMethods="1" />
              <MetadataToken>100663315</MetadataToken>
              <Name>System.Int32 mylibcs.MyXorList::removeByKey(mylibcs.MyData)</Name>
              <FileRef uid="15" />
              <SequencePoints>
                <SequencePoint vc="0" uspid="712" ordinal="0" offset="0" sl="69" sc="9" el="69" ec="10" bec="0" bev="0" fileid="15" />
                <SequencePoint vc="0" uspid="713" ordinal="1" offset="1" sl="70" sc="13" el="70" ec="35" bec="0" bev="0" fileid="15" />
                <SequencePoint vc="0" uspid="714" ordinal="2" offset="13" sl="71" sc="13" el="71" ec="30" bec="0" bev="0" fileid="15" />
                <SequencePoint vc="0" uspid="715" ordinal="3" offset="20" sl="72" sc="13" el="72" ec="40" bec="0" bev="0" fileid="15" />
                <SequencePoint vc="0" uspid="716" ordinal="4" offset="39" sl="74" sc="13" el="74" ec="14" bec="0" bev="0" fileid="15" />
                <SequencePoint vc="0" uspid="717" ordinal="5" offset="40" sl="75" sc="17" el="75" ec="47" bec="2" bev="0" fileid="15" />
                <SequencePoint vc="0" uspid="718" ordinal="6" offset="63" sl="76" sc="17" el="76" ec="18" bec="0" bev="0" fileid="15" />
                <SequencePoint vc="0" uspid="719" ordinal="7" offset="64" sl="77" sc="21" el="77" ec="38" bec="0" bev="0" fileid="15" />
                <SequencePoint vc="0" uspid="720" ordinal="8" offset="71" sl="78" sc="21" el="78" ec="38" bec="0" bev="0" fileid="15" />
                <SequencePoint vc="0" uspid="721" ordinal="9" offset="78" sl="79" sc="21" el="79" ec="37" bec="0" bev="0" fileid="15" />
                <SequencePoint vc="0" uspid="722" ordinal="10" offset="88" sl="81" sc="17" el="81" ec="29" bec="0" bev="0" fileid="15" />
                <SequencePoint vc="0" uspid="723" ordinal="11" offset="90" sl="82" sc="17" el="82" ec="29" bec="0" bev="0" fileid="15" />
                <SequencePoint vc="0" uspid="724" ordinal="12" offset="92" sl="83" sc="17" el="83" ec="34" bec="0" bev="0" fileid="15" />
                <SequencePoint vc="0" uspid="725" ordinal="13" offset="99" sl="84" sc="13" el="84" ec="14" bec="0" bev="0" fileid="15" />
                <SequencePoint vc="0" uspid="726" ordinal="14" offset="100" sl="73" sc="13" el="73" ec="33" bec="2" bev="0" fileid="15" />
                <SequencePoint vc="0" uspid="727" ordinal="15" offset="118" sl="85" sc="13" el="85" ec="23" bec="0" bev="0" fileid="15" />
                <SequencePoint vc="0" uspid="728" ordinal="16" offset="123" sl="86" sc="9" el="86" ec="10" bec="0" bev="0" fileid="15" />
              </SequencePoints>
              <BranchPoints>
                <BranchPoint vc="0" uspid="729" ordinal="0" offset="61" sl="75" path="0" offsetend="63" fileid="15" />
                <BranchPoint vc="0" uspid="730" ordinal="1" offset="61" sl="75" path="1" offsetend="88" fileid="15" />
                <BranchPoint vc="0" uspid="731" ordinal="2" offset="116" sl="73" path="0" offsetend="118" fileid="15" />
                <BranchPoint vc="0" uspid="732" ordinal="3" offset="116" sl="73" path="1" offsetend="39" fileid="15" />
              </BranchPoints>
              <MethodPoint xsi:type="SequencePoint" vc="0" uspid="712" ordinal="0" offset="0" sl="69" sc="9" el="69" ec="10" bec="0" bev="0" fileid="15" />
            </Method>
            <Method visited="true" cyclomaticComplexity="3" nPathComplexity="4" sequenceCoverage="95.24" branchCoverage="80" crapScore="3.00" isConstructor="false" isStatic="false" isGetter="false" isSetter="false">
              <Summary numSequencePoints="21" visitedSequencePoints="20" numBranchPoints="5" visitedBranchPoints="4" sequenceCoverage="95.24" branchCoverage="80" maxCyclomaticComplexity="3" minCyclomaticComplexity="3" maxCrapScore="3.00" minCrapScore="3.00" visitedClasses="0" numClasses="0" visitedMethods="1" numMethods="1" />
              <MetadataToken>100663316</MetadataToken>
              <Name>System.Int32 mylibcs.MyXorList::insertAfter(mylibcs.MyData,System.Int32)</Name>
              <FileRef uid="15" />
              <SequencePoints>
                <SequencePoint vc="3" uspid="733" ordinal="0" offset="0" sl="96" sc="9" el="96" ec="10" bec="0" bev="0" fileid="15" />
                <SequencePoint vc="3" uspid="734" ordinal="1" offset="1" sl="97" sc="13" el="97" ec="35" bec="0" bev="0" fileid="15" />
                <SequencePoint vc="3" uspid="735" ordinal="2" offset="13" sl="98" sc="13" el="98" ec="30" bec="0" bev="0" fileid="15" />
                <SequencePoint vc="3" uspid="736" ordinal="3" offset="20" sl="99" sc="13" el="99" ec="40" bec="0" bev="0" fileid="15" />
                <SequencePoint vc="9" uspid="737" ordinal="4" offset="39" sl="101" sc="13" el="101" ec="14" bec="0" bev="0" fileid="15" />
                <SequencePoint vc="9" uspid="738" ordinal="5" offset="40" sl="102" sc="17" el="102" ec="42" bec="2" bev="2" fileid="15" />
                <SequencePoint vc="3" uspid="739" ordinal="6" offset="58" sl="103" sc="17" el="103" ec="18" bec="0" bev="0" fileid="15" />
                <SequencePoint vc="3" uspid="740" ordinal="7" offset="59" sl="104" sc="21" el="104" ec="47" bec="0" bev="0" fileid="15" />
                <SequencePoint vc="3" uspid="741" ordinal="8" offset="66" sl="105" sc="21" el="105" ec="41" bec="0" bev="0" fileid="15" />
                <SequencePoint vc="3" uspid="742" ordinal="9" offset="74" sl="106" sc="21" el="106" ec="41" bec="0" bev="0" fileid="15" />
                <SequencePoint vc="3" uspid="743" ordinal="10" offset="82" sl="107" sc="21" el="107" ec="41" bec="0" bev="0" fileid="15" />
                <SequencePoint vc="3" uspid="744" ordinal="11" offset="90" sl="108" sc="21" el="108" ec="41" bec="0" bev="0" fileid="15" />
                <SequencePoint vc="3" uspid="745" ordinal="12" offset="98" sl="109" sc="21" el="109" ec="41" bec="0" bev="0" fileid="15" />
                <SequencePoint vc="3" uspid="746" ordinal="13" offset="106" sl="110" sc="21" el="110" ec="37" bec="0" bev="0" fileid="15" />
                <SequencePoint vc="6" uspid="747" ordinal="14" offset="116" sl="112" sc="17" el="112" ec="29" bec="0" bev="0" fileid="15" />
                <SequencePoint vc="6" uspid="748" ordinal="15" offset="118" sl="113" sc="17" el="113" ec="29" bec="0" bev="0" fileid="15" />
                <SequencePoint vc="6" uspid="749" ordinal="16" offset="120" sl="114" sc="17" el="114" ec="34" bec="0" bev="0" fileid="15" />
                <SequencePoint vc="6" uspid="750" ordinal="17" offset="127" sl="115" sc="13" el="115" ec="14" bec="0" bev="0" fileid="15" />
                <SequencePoint vc="9" uspid="751" ordinal="18" offset="128" sl="100" sc="13" el="100" ec="33" bec="2" bev="1" fileid="15" />
                <SequencePoint vc="0" uspid="752" ordinal="19" offset="146" sl="116" sc="13" el="116" ec="23" bec="0" bev="0" fileid="15" />
                <SequencePoint vc="3" uspid="753" ordinal="20" offset="151" sl="117" sc="9" el="117" ec="10" bec="0" bev="0" fileid="15" />
              </SequencePoints>
              <BranchPoints>
                <BranchPoint vc="3" uspid="754" ordinal="0" offset="56" sl="102" path="0" offsetend="58" fileid="15" />
                <BranchPoint vc="6" uspid="755" ordinal="1" offset="56" sl="102" path="1" offsetend="116" fileid="15" />
                <BranchPoint vc="0" uspid="756" ordinal="2" offset="144" sl="100" path="0" offsetend="146" fileid="15" />
                <BranchPoint vc="9" uspid="757" ordinal="3" offset="144" sl="100" path="1" offsetend="39" fileid="15" />
              </BranchPoints>
              <MethodPoint xsi:type="SequencePoint" vc="3" uspid="733" ordinal="0" offset="0" sl="96" sc="9" el="96" ec="10" bec="0" bev="0" fileid="15" />
            </Method>
            <Method visited="true" cyclomaticComplexity="2" nPathComplexity="2" sequenceCoverage="100" branchCoverage="100" crapScore="2" isConstructor="false" isStatic="false" isGetter="false" isSetter="false">
              <Summary numSequencePoints="10" visitedSequencePoints="10" numBranchPoints="3" visitedBranchPoints="3" sequenceCoverage="100" branchCoverage="100" maxCyclomaticComplexity="2" minCyclomaticComplexity="2" maxCrapScore="2" minCrapScore="2" visitedClasses="0" numClasses="0" visitedMethods="1" numMethods="1" />
              <MetadataToken>100663317</MetadataToken>
              <Name>mylibcs.MyData[] mylibcs.MyXorList::list()</Name>
              <FileRef uid="15" />
              <SequencePoints>
                <SequencePoint vc="2" uspid="758" ordinal="0" offset="0" sl="125" sc="9" el="125" ec="10" bec="0" bev="0" fileid="15" />
                <SequencePoint vc="2" uspid="759" ordinal="1" offset="1" sl="126" sc="13" el="126" ec="52" bec="0" bev="0" fileid="15" />
                <SequencePoint vc="2" uspid="760" ordinal="2" offset="7" sl="127" sc="13" el="127" ec="35" bec="0" bev="0" fileid="15" />
                <SequencePoint vc="12" uspid="761" ordinal="3" offset="21" sl="129" sc="13" el="129" ec="14" bec="0" bev="0" fileid="15" />
                <SequencePoint vc="12" uspid="762" ordinal="4" offset="22" sl="130" sc="17" el="130" ec="37" bec="0" bev="0" fileid="15" />
                <SequencePoint vc="12" uspid="763" ordinal="5" offset="35" sl="131" sc="17" el="131" ec="34" bec="0" bev="0" fileid="15" />
                <SequencePoint vc="12" uspid="764" ordinal="6" offset="42" sl="132" sc="13" el="132" ec="14" bec="0" bev="0" fileid="15" />
                <SequencePoint vc="14" uspid="765" ordinal="7" offset="43" sl="128" sc="13" el="128" ec="33" bec="2" bev="2" fileid="15" />
                <SequencePoint vc="2" uspid="766" ordinal="8" offset="59" sl="133" sc="13" el="133" ec="35" bec="0" bev="0" fileid="15" />
                <SequencePoint vc="2" uspid="767" ordinal="9" offset="68" sl="134" sc="9" el="134" ec="10" bec="0" bev="0" fileid="15" />
              </SequencePoints>
              <BranchPoints>
                <BranchPoint vc="2" uspid="768" ordinal="0" offset="57" sl="128" path="0" offsetend="59" fileid="15" />
                <BranchPoint vc="12" uspid="769" ordinal="1" offset="57" sl="128" path="1" offsetend="21" fileid="15" />
              </BranchPoints>
              <MethodPoint xsi:type="SequencePoint" vc="2" uspid="758" ordinal="0" offset="0" sl="125" sc="9" el="125" ec="10" bec="0" bev="0" fileid="15" />
            </Method>
            <Method visited="true" cyclomaticComplexity="3" nPathComplexity="4" sequenceCoverage="90.91" branchCoverage="80" crapScore="3.01" isConstructor="false" isStatic="false" isGetter="false" isSetter="false">
              <Summary numSequencePoints="11" visitedSequencePoints="10" numBranchPoints="5" visitedBranchPoints="4" sequenceCoverage="90.91" branchCoverage="80" maxCyclomaticComplexity="3" minCyclomaticComplexity="3" maxCrapScore="3.01" minCrapScore="3.01" visitedClasses="0" numClasses="0" visitedMethods="1" numMethods="1" />
              <MetadataToken>100663318</MetadataToken>
              <Name>mylibcs.MyData mylibcs.MyXorList::searchByKey(System.Int32)</Name>
              <FileRef uid="15" />
              <SequencePoints>
                <SequencePoint vc="1" uspid="770" ordinal="0" offset="0" sl="143" sc="9" el="143" ec="10" bec="0" bev="0" fileid="15" />
                <SequencePoint vc="1" uspid="771" ordinal="1" offset="1" sl="144" sc="13" el="144" ec="35" bec="0" bev="0" fileid="15" />
                <SequencePoint vc="3" uspid="772" ordinal="2" offset="15" sl="146" sc="13" el="146" ec="14" bec="0" bev="0" fileid="15" />
                <SequencePoint vc="3" uspid="773" ordinal="3" offset="16" sl="147" sc="17" el="147" ec="42" bec="2" bev="2" fileid="15" />
                <SequencePoint vc="1" uspid="774" ordinal="4" offset="34" sl="148" sc="17" el="148" ec="18" bec="0" bev="0" fileid="15" />
                <SequencePoint vc="1" uspid="775" ordinal="5" offset="35" sl="149" sc="21" el="149" ec="38" bec="0" bev="0" fileid="15" />
                <SequencePoint vc="2" uspid="776" ordinal="6" offset="44" sl="151" sc="17" el="151" ec="34" bec="0" bev="0" fileid="15" />
                <SequencePoint vc="2" uspid="777" ordinal="7" offset="51" sl="152" sc="13" el="152" ec="14" bec="0" bev="0" fileid="15" />
                <SequencePoint vc="3" uspid="778" ordinal="8" offset="52" sl="145" sc="13" el="145" ec="33" bec="2" bev="1" fileid="15" />
                <SequencePoint vc="0" uspid="779" ordinal="9" offset="68" sl="153" sc="13" el="153" ec="25" bec="0" bev="0" fileid="15" />
                <SequencePoint vc="1" uspid="780" ordinal="10" offset="72" sl="154" sc="9" el="154" ec="10" bec="0" bev="0" fileid="15" />
              </SequencePoints>
              <BranchPoints>
                <BranchPoint vc="1" uspid="781" ordinal="0" offset="32" sl="147" path="0" offsetend="34" fileid="15" />
                <BranchPoint vc="2" uspid="782" ordinal="1" offset="32" sl="147" path="1" offsetend="44" fileid="15" />
                <BranchPoint vc="0" uspid="783" ordinal="2" offset="66" sl="145" path="0" offsetend="68" fileid="15" />
                <BranchPoint vc="3" uspid="784" ordinal="3" offset="66" sl="145" path="1" offsetend="15" fileid="15" />
              </BranchPoints>
              <MethodPoint xsi:type="SequencePoint" vc="1" uspid="770" ordinal="0" offset="0" sl="143" sc="9" el="143" ec="10" bec="0" bev="0" fileid="15" />
            </Method>
          </Methods>
        </Class>
        <Class>
          <Summary numSequencePoints="0" visitedSequencePoints="0" numBranchPoints="0" visitedBranchPoints="0" sequenceCoverage="0" branchCoverage="0" maxCyclomaticComplexity="1" minCyclomaticComplexity="1" maxCrapScore="2" minCrapScore="2" visitedClasses="0" numClasses="0" visitedMethods="0" numMethods="0" />
          <FullName>mylibcs.MyXorList/Node</FullName>
          <Methods>
            <Method visited="false" cyclomaticComplexity="1" nPathComplexity="0" sequenceCoverage="0" branchCoverage="0" crapScore="2" isConstructor="true" isStatic="false" isGetter="false" isSetter="false">
              <Summary numSequencePoints="0" visitedSequencePoints="0" numBranchPoints="0" visitedBranchPoints="0" sequenceCoverage="0" branchCoverage="0" maxCyclomaticComplexity="1" minCyclomaticComplexity="1" maxCrapScore="2" minCrapScore="2" visitedClasses="0" numClasses="0" visitedMethods="0" numMethods="0" />
              <MetadataToken>100663320</MetadataToken>
              <Name>System.Void mylibcs.MyXorList/Node::.ctor()</Name>
              <SequencePoints />
              <BranchPoints />
              <MethodPoint vc="0" uspid="785" ordinal="0" offset="0" />
            </Method>
          </Methods>
        </Class>
      </Classes>
    </Module>
  </Modules>
</CoverageSession>